#
# A fatal error has been detected by the Java Runtime Environment:
#
#  EXCEPTION_ACCESS_VIOLATION (0xc0000005) at pc=0x0000000052e625f5, pid=26356, tid=0x0000000000005f88
#
# JRE version: Java(TM) SE Runtime Environment (8.0_181-b13) (build 1.8.0_181-b13)
# Java VM: Java HotSpot(TM) 64-Bit Server VM (25.181-b13 mixed mode windows-amd64 compressed oops)
# Problematic frame:
# C  [nvoglv64.dll+0xb925f5]
#
# Failed to write core dump. Minidumps are not enabled by default on client versions of Windows
#
# If you would like to submit a bug report, please visit:
#   http://bugreport.java.com/bugreport/crash.jsp
# The crash happened outside the Java Virtual Machine in native code.
# See problematic frame for where to report the bug.
#

---------------  T H R E A D  ---------------

Current thread (0x000000001beb4000):  JavaThread "AWT-EventQueue-0" [_thread_in_native, id=24456, stack(0x000000001dc50000,0x000000001dd50000)]

siginfo: ExceptionCode=0xc0000005, writing address 0x0000000025b13342

Registers:
RAX=0x000000001ecf42f0, RBX=0x0000000025b120e0, RCX=0x0000000025b120e0, RDX=0x0000000000000000
RSP=0x000000001dd4d200, RBP=0x0000000000000001, RSI=0x00000000266f1040, RDI=0x0000000025b120e0
R8 =0x0000000000000000, R9 =0x0000000000000002, R10=0x000000001ecf42f0, R11=0x000000001f1caaf0
R12=0x0000000000000000, R13=0x0000000000000003, R14=0x0000000000000000, R15=0x0000000000000000
RIP=0x0000000052e625f5, EFLAGS=0x0000000000010297

Top of Stack: (sp=0x000000001dd4d200)
0x000000001dd4d200:   000000001dd4d280 00007ffc60362770
0x000000001dd4d210:   0000000000000000 000000001ecf42f0
0x000000001dd4d220:   0000000025b120e0 0000000000000000
0x000000001dd4d230:   0000007e00000010 0000000000000000
0x000000001dd4d240:   00000000266f1040 0000000052e61d5a
0x000000001dd4d250:   0000000000000000 0000000025b120e0
0x000000001dd4d260:   00000000266f1040 0000000025b12090
0x000000001dd4d270:   0000000025b120e0 0000000052d92b0c
0x000000001dd4d280:   0000000025b12090 00000000266f1000
0x000000001dd4d290:   0000000000000000 0000000000000000
0x000000001dd4d2a0:   00000000266f1040 0000000052d689ad
0x000000001dd4d2b0:   0000000025b12090 0000000000000000
0x000000001dd4d2c0:   0000000025b12090 0000000025b12090
0x000000001dd4d2d0:   000000001f1e7800 00007ffc65b40b00
0x000000001dd4d2e0:   0000000000000001 0000000000000000
0x000000001dd4d2f0:   0000000000000003 0000000052d68b05 

Instructions: (pc=0x0000000052e625f5)
0x0000000052e625d5:   08 02 74 0e b0 01 88 83 62 12 00 00 48 83 c4 40
0x0000000052e625e5:   5b c3 33 c0 88 83 62 12 00 00 48 83 c4 40 5b c3
0x0000000052e625f5:   c6 81 62 12 00 00 00 48 83 c4 40 5b c3 cc cc cc
0x0000000052e62605:   cc cc cc cc cc cc cc cc cc cc cc 48 89 5c 24 08 


Register to memory mapping:

RAX=0x000000001ecf42f0 is an unknown value
RBX=0x0000000025b120e0 is an unknown value
RCX=0x0000000025b120e0 is an unknown value
RDX=0x0000000000000000 is an unknown value
RSP=0x000000001dd4d200 is pointing into the stack for thread: 0x000000001beb4000
RBP=0x0000000000000001 is an unknown value
RSI=0x00000000266f1040 is an unknown value
RDI=0x0000000025b120e0 is an unknown value
R8 =0x0000000000000000 is an unknown value
R9 =0x0000000000000002 is an unknown value
R10=0x000000001ecf42f0 is an unknown value
R11=0x000000001f1caaf0 is an unknown value
R12=0x0000000000000000 is an unknown value
R13=0x0000000000000003 is an unknown value
R14=0x0000000000000000 is an unknown value
R15=0x0000000000000000 is an unknown value


Stack: [0x000000001dc50000,0x000000001dd50000],  sp=0x000000001dd4d200,  free space=1012k
Native frames: (J=compiled Java code, j=interpreted, Vv=VM code, C=native code)
C  [nvoglv64.dll+0xb925f5]
C  [nvoglv64.dll+0xb91d5a]
C  [nvoglv64.dll+0xac2b0c]
C  [nvoglv64.dll+0xa989ad]
C  [nvoglv64.dll+0xa98b05]
C  [nvoglv64.dll+0xa988ee]
C  [nvoglv64.dll+0xa983e6]
C  [nvoglv64.dll+0xa8183c]
C  [opengl32.dll+0x3a427]
C  [gdi32full.dll+0x67cce]
C  [nativewindow_win32.dll+0x2b6d]
C  0x000000000361023b

Java frames: (J=compiled Java code, j=interpreted, Vv=VM code)
J 3766  jogamp.nativewindow.windows.GDI.SwapBuffers(J)Z (0 bytes) @ 0x00000000036101c1 [0x0000000003610180+0x41]
J 3764 C1 jogamp.opengl.windows.wgl.WindowsWGLDrawable.swapBuffersImpl(Z)V (153 bytes) @ 0x000000000360bf8c [0x000000000360bd00+0x28c]
J 3763 C1 jogamp.opengl.GLDrawableImpl.swapBuffers()V (138 bytes) @ 0x000000000360a93c [0x000000000360a280+0x6bc]
J 3897 C2 java.awt.EventQueue$3.run()Ljava/lang/Object; (5 bytes) @ 0x0000000003223924 [0x0000000003223500+0x424]
v  ~StubRoutines::call_stub
J 1591  java.security.AccessController.doPrivileged(Ljava/security/PrivilegedAction;Ljava/security/AccessControlContext;)Ljava/lang/Object; (0 bytes) @ 0x00000000030451a6 [0x0000000003045140+0x66]
J 3896 C2 java.awt.EventDispatchThread.pumpOneEventForFilters(I)V (190 bytes) @ 0x00000000031e1614 [0x00000000031e05e0+0x1034]
j  java.awt.EventDispatchThread.pumpEventsForFilter(ILjava/awt/Conditional;Ljava/awt/EventFilter;)V+35
j  java.awt.EventDispatchThread.pumpEventsForHierarchy(ILjava/awt/Conditional;Ljava/awt/Component;)V+11
j  java.awt.EventDispatchThread.pumpEvents(ILjava/awt/Conditional;)V+4
j  java.awt.EventDispatchThread.pumpEvents(Ljava/awt/Conditional;)V+3
j  java.awt.EventDispatchThread.run()V+9
v  ~StubRoutines::call_stub

---------------  P R O C E S S  ---------------

Java Threads: ( => current thread )
  0x000000001c126000 JavaThread "Thread-5" daemon [_thread_in_native, id=1140, stack(0x000000002f3e0000,0x000000002f4e0000)]
  0x000000001c602000 JavaThread "SIGINT handler" daemon [_thread_blocked, id=16056, stack(0x000000002b360000,0x000000002b460000)]
  0x000000001ced3000 JavaThread "Thread-7" [_thread_in_native, id=21284, stack(0x000000002a5b0000,0x000000002a6b0000)]
=>0x000000001beb4000 JavaThread "AWT-EventQueue-0" [_thread_in_native, id=24456, stack(0x000000001dc50000,0x000000001dd50000)]
  0x000000001c290800 JavaThread "AWT-Windows" daemon [_thread_in_native, id=12952, stack(0x000000001db50000,0x000000001dc50000)]
  0x000000001c290000 JavaThread "AWT-Shutdown" [_thread_blocked, id=8896, stack(0x000000001da50000,0x000000001db50000)]
  0x000000001c28f000 JavaThread "Java2D Disposer" daemon [_thread_blocked, id=18080, stack(0x000000001d950000,0x000000001da50000)]
  0x0000000019d28000 JavaThread "Thread-2" daemon [_thread_in_native, id=20560, stack(0x000000001b890000,0x000000001b990000)]
  0x0000000019b14800 JavaThread "Service Thread" daemon [_thread_blocked, id=21180, stack(0x000000001a630000,0x000000001a730000)]
  0x0000000019a76000 JavaThread "C1 CompilerThread3" daemon [_thread_blocked, id=20892, stack(0x000000001a530000,0x000000001a630000)]
  0x0000000019a73000 JavaThread "C2 CompilerThread2" daemon [_thread_blocked, id=3420, stack(0x000000001a430000,0x000000001a530000)]
  0x0000000019a72000 JavaThread "C2 CompilerThread1" daemon [_thread_blocked, id=10908, stack(0x000000001a330000,0x000000001a430000)]
  0x0000000019a6e800 JavaThread "C2 CompilerThread0" daemon [_thread_blocked, id=724, stack(0x000000001a230000,0x000000001a330000)]
  0x0000000019a68800 JavaThread "Attach Listener" daemon [_thread_blocked, id=8940, stack(0x000000001a130000,0x000000001a230000)]
  0x0000000017b4e800 JavaThread "Signal Dispatcher" daemon [_thread_blocked, id=25168, stack(0x000000001a030000,0x000000001a130000)]
  0x0000000019a60800 JavaThread "Finalizer" daemon [_thread_blocked, id=24332, stack(0x0000000019e40000,0x0000000019f40000)]
  0x0000000002b46000 JavaThread "Reference Handler" daemon [_thread_blocked, id=4164, stack(0x0000000019940000,0x0000000019a40000)]
  0x0000000002a52800 JavaThread "main" [_thread_blocked, id=1560, stack(0x0000000002950000,0x0000000002a50000)]

Other Threads:
  0x0000000017b39800 VMThread [stack: 0x0000000019840000,0x0000000019940000] [id=15676]
  0x0000000019b16800 WatcherThread [stack: 0x000000001a730000,0x000000001a830000] [id=10812]

VM state:not at safepoint (normal execution)

VM Mutex/Monitor currently owned by a thread: None

Heap:
 PSYoungGen      total 295424K, used 121512K [0x00000000d5a00000, 0x00000000f0500000, 0x0000000100000000)
  eden space 230400K, 52% used [0x00000000d5a00000,0x00000000dcffa018,0x00000000e3b00000)
  from space 65024K, 1% used [0x00000000e3b00000,0x00000000e3bb0010,0x00000000e7a80000)
  to   space 66048K, 0% used [0x00000000ec480000,0x00000000ec480000,0x00000000f0500000)
 ParOldGen       total 214016K, used 90956K [0x0000000080e00000, 0x000000008df00000, 0x00000000d5a00000)
  object space 214016K, 42% used [0x0000000080e00000,0x00000000866d3378,0x000000008df00000)
 Metaspace       used 27966K, capacity 28724K, committed 28928K, reserved 1075200K
  class space    used 3237K, capacity 3568K, committed 3584K, reserved 1048576K

Card table byte_map: [0x0000000011f10000,0x0000000012310000] byte_map_base: 0x0000000011b09000

Marking Bits: (ParMarkBitMap*) 0x00000000553c2d00
 Begin Bits: [0x0000000012dc0000, 0x0000000014d88000)
 End Bits:   [0x0000000014d88000, 0x0000000016d50000)

Polling page: 0x0000000000b20000

CodeCache: size=245760Kb used=11109Kb max_used=11531Kb free=234650Kb
 bounds [0x0000000002b50000, 0x00000000036e0000, 0x0000000011b50000]
 total_blobs=4479 nmethods=3507 adapters=883
 compilation: enabled

Compilation events (10 events):
Event: 30.318 Thread 0x0000000019a6e800 3905       4       java.awt.EventQueue::getPriority (78 bytes)
Event: 30.318 Thread 0x0000000019a6e800 nmethod 3905 0x000000000315a250 code [0x000000000315a380, 0x000000000315a418]
Event: 30.333 Thread 0x0000000019a72000 3906       4       java.awt.EventQueue::postEvent (172 bytes)
Event: 30.348 Thread 0x0000000019a72000 nmethod 3906 0x00000000031dd410 code [0x00000000031dd640, 0x00000000031de830]
Event: 32.034 Thread 0x0000000019a73000 3907       4       jogamp.opengl.GLContextImpl::contextMadeCurrent (10 bytes)
Event: 32.035 Thread 0x0000000019a73000 nmethod 3907 0x0000000003031c50 code [0x0000000003031d80, 0x0000000003031df8]
Event: 32.086 Thread 0x0000000019a76000 3908  s    3       java.util.Hashtable::containsKey (65 bytes)
Event: 32.086 Thread 0x0000000019a76000 nmethod 3908 0x0000000003262210 code [0x00000000032623a0, 0x00000000032629d8]
Event: 32.087 Thread 0x0000000019a76000 3909       3       java.util.Hashtable$Enumerator::nextElement (111 bytes)
Event: 32.087 Thread 0x0000000019a76000 nmethod 3909 0x0000000003323290 code [0x0000000003323420, 0x0000000003323888]

GC Heap History (10 events):
Event: 5.783 GC heap before
{Heap before GC invocations=12 (full 2):
 PSYoungGen      total 184320K, used 145664K [0x00000000d5a00000, 0x00000000e8680000, 0x0000000100000000)
  eden space 112640K, 100% used [0x00000000d5a00000,0x00000000dc800000,0x00000000dc800000)
  from space 71680K, 46% used [0x00000000dc800000,0x00000000de840080,0x00000000e0e00000)
  to   space 69632K, 0% used [0x00000000e4280000,0x00000000e4280000,0x00000000e8680000)
 ParOldGen       total 180224K, used 107087K [0x0000000080e00000, 0x000000008be00000, 0x00000000d5a00000)
  object space 180224K, 59% used [0x0000000080e00000,0x0000000087693e88,0x000000008be00000)
 Metaspace       used 25002K, capacity 25510K, committed 25984K, reserved 1073152K
  class space    used 2916K, capacity 3165K, committed 3200K, reserved 1048576K
Event: 5.794 GC heap after
Heap after GC invocations=12 (full 2):
 PSYoungGen      total 230912K, used 28960K [0x00000000d5a00000, 0x00000000e7f80000, 0x0000000100000000)
  eden space 168448K, 0% used [0x00000000d5a00000,0x00000000d5a00000,0x00000000dfe80000)
  from space 62464K, 46% used [0x00000000e4280000,0x00000000e5ec8070,0x00000000e7f80000)
  to   space 66048K, 0% used [0x00000000dfe80000,0x00000000dfe80000,0x00000000e3f00000)
 ParOldGen       total 180224K, used 139919K [0x0000000080e00000, 0x000000008be00000, 0x00000000d5a00000)
  object space 180224K, 77% used [0x0000000080e00000,0x00000000896a3f08,0x000000008be00000)
 Metaspace       used 25002K, capacity 25510K, committed 25984K, reserved 1073152K
  class space    used 2916K, capacity 3165K, committed 3200K, reserved 1048576K
}
Event: 5.794 GC heap before
{Heap before GC invocations=13 (full 3):
 PSYoungGen      total 230912K, used 28960K [0x00000000d5a00000, 0x00000000e7f80000, 0x0000000100000000)
  eden space 168448K, 0% used [0x00000000d5a00000,0x00000000d5a00000,0x00000000dfe80000)
  from space 62464K, 46% used [0x00000000e4280000,0x00000000e5ec8070,0x00000000e7f80000)
  to   space 66048K, 0% used [0x00000000dfe80000,0x00000000dfe80000,0x00000000e3f00000)
 ParOldGen       total 180224K, used 139919K [0x0000000080e00000, 0x000000008be00000, 0x00000000d5a00000)
  object space 180224K, 77% used [0x0000000080e00000,0x00000000896a3f08,0x000000008be00000)
 Metaspace       used 25002K, capacity 25510K, committed 25984K, reserved 1073152K
  class space    used 2916K, capacity 3165K, committed 3200K, reserved 1048576K
Event: 5.829 GC heap after
Heap after GC invocations=13 (full 3):
 PSYoungGen      total 230912K, used 0K [0x00000000d5a00000, 0x00000000e7f80000, 0x0000000100000000)
  eden space 168448K, 0% used [0x00000000d5a00000,0x00000000d5a00000,0x00000000dfe80000)
  from space 62464K, 0% used [0x00000000e4280000,0x00000000e4280000,0x00000000e7f80000)
  to   space 66048K, 0% used [0x00000000dfe80000,0x00000000dfe80000,0x00000000e3f00000)
 ParOldGen       total 214016K, used 55412K [0x0000000080e00000, 0x000000008df00000, 0x00000000d5a00000)
  object space 214016K, 25% used [0x0000000080e00000,0x000000008441d290,0x000000008df00000)
 Metaspace       used 25002K, capacity 25510K, committed 25984K, reserved 1073152K
  class space    used 2916K, capacity 3165K, committed 3200K, reserved 1048576K
}
Event: 6.198 GC heap before
{Heap before GC invocations=14 (full 3):
 PSYoungGen      total 230912K, used 168448K [0x00000000d5a00000, 0x00000000e7f80000, 0x0000000100000000)
  eden space 168448K, 100% used [0x00000000d5a00000,0x00000000dfe80000,0x00000000dfe80000)
  from space 62464K, 0% used [0x00000000e4280000,0x00000000e4280000,0x00000000e7f80000)
  to   space 66048K, 0% used [0x00000000dfe80000,0x00000000dfe80000,0x00000000e3f00000)
 ParOldGen       total 214016K, used 55412K [0x0000000080e00000, 0x000000008df00000, 0x00000000d5a00000)
  object space 214016K, 25% used [0x0000000080e00000,0x000000008441d290,0x000000008df00000)
 Metaspace       used 25425K, capacity 25990K, committed 26496K, reserved 1073152K
  class space    used 2961K, capacity 3197K, committed 3200K, reserved 1048576K
Event: 6.205 GC heap after
Heap after GC invocations=14 (full 3):
 PSYoungGen      total 234496K, used 41545K [0x00000000d5a00000, 0x00000000ec500000, 0x0000000100000000)
  eden space 168448K, 0% used [0x00000000d5a00000,0x00000000d5a00000,0x00000000dfe80000)
  from space 66048K, 62% used [0x00000000dfe80000,0x00000000e27126f8,0x00000000e3f00000)
  to   space 67584K, 0% used [0x00000000e8300000,0x00000000e8300000,0x00000000ec500000)
 ParOldGen       total 214016K, used 55420K [0x0000000080e00000, 0x000000008df00000, 0x00000000d5a00000)
  object space 214016K, 25% used [0x0000000080e00000,0x000000008441f290,0x000000008df00000)
 Metaspace       used 25425K, capacity 25990K, committed 26496K, reserved 1073152K
  class space    used 2961K, capacity 3197K, committed 3200K, reserved 1048576K
}
Event: 10.267 GC heap before
{Heap before GC invocations=15 (full 3):
 PSYoungGen      total 234496K, used 209993K [0x00000000d5a00000, 0x00000000ec500000, 0x0000000100000000)
  eden space 168448K, 100% used [0x00000000d5a00000,0x00000000dfe80000,0x00000000dfe80000)
  from space 66048K, 62% used [0x00000000dfe80000,0x00000000e27126f8,0x00000000e3f00000)
  to   space 67584K, 0% used [0x00000000e8300000,0x00000000e8300000,0x00000000ec500000)
 ParOldGen       total 214016K, used 55420K [0x0000000080e00000, 0x000000008df00000, 0x00000000d5a00000)
  object space 214016K, 25% used [0x0000000080e00000,0x000000008441f290,0x000000008df00000)
 Metaspace       used 27697K, capacity 28468K, committed 28672K, reserved 1075200K
  class space    used 3231K, capacity 3568K, committed 3584K, reserved 1048576K
Event: 10.274 GC heap after
Heap after GC invocations=15 (full 3):
 PSYoungGen      total 286720K, used 19945K [0x00000000d5a00000, 0x00000000eba00000, 0x0000000100000000)
  eden space 230400K, 0% used [0x00000000d5a00000,0x00000000d5a00000,0x00000000e3b00000)
  from space 56320K, 35% used [0x00000000e8300000,0x00000000e967a430,0x00000000eba00000)
  to   space 65024K, 0% used [0x00000000e3b00000,0x00000000e3b00000,0x00000000e7a80000)
 ParOldGen       total 214016K, used 72066K [0x0000000080e00000, 0x000000008df00000, 0x00000000d5a00000)
  object space 214016K, 33% used [0x0000000080e00000,0x0000000085460b80,0x000000008df00000)
 Metaspace       used 27697K, capacity 28468K, committed 28672K, reserved 1075200K
  class space    used 3231K, capacity 3568K, committed 3584K, reserved 1048576K
}
Event: 24.450 GC heap before
{Heap before GC invocations=16 (full 3):
 PSYoungGen      total 286720K, used 250345K [0x00000000d5a00000, 0x00000000eba00000, 0x0000000100000000)
  eden space 230400K, 100% used [0x00000000d5a00000,0x00000000e3b00000,0x00000000e3b00000)
  from space 56320K, 35% used [0x00000000e8300000,0x00000000e967a430,0x00000000eba00000)
  to   space 65024K, 0% used [0x00000000e3b00000,0x00000000e3b00000,0x00000000e7a80000)
 ParOldGen       total 214016K, used 72066K [0x0000000080e00000, 0x000000008df00000, 0x00000000d5a00000)
  object space 214016K, 33% used [0x0000000080e00000,0x0000000085460b80,0x000000008df00000)
 Metaspace       used 27925K, capacity 28724K, committed 28928K, reserved 1075200K
  class space    used 3232K, capacity 3568K, committed 3584K, reserved 1048576K
Event: 24.454 GC heap after
Heap after GC invocations=16 (full 3):
 PSYoungGen      total 295424K, used 704K [0x00000000d5a00000, 0x00000000f0500000, 0x0000000100000000)
  eden space 230400K, 0% used [0x00000000d5a00000,0x00000000d5a00000,0x00000000e3b00000)
  from space 65024K, 1% used [0x00000000e3b00000,0x00000000e3bb0010,0x00000000e7a80000)
  to   space 66048K, 0% used [0x00000000ec480000,0x00000000ec480000,0x00000000f0500000)
 ParOldGen       total 214016K, used 90956K [0x0000000080e00000, 0x000000008df00000, 0x00000000d5a00000)
  object space 214016K, 42% used [0x0000000080e00000,0x00000000866d3378,0x000000008df00000)
 Metaspace       used 27925K, capacity 28724K, committed 28928K, reserved 1075200K
  class space    used 3232K, capacity 3568K, committed 3584K, reserved 1048576K
}

Deoptimization events (10 events):
Event: 8.067 Thread 0x0000000002a52800 Uncommon trap: reason=unstable_if action=reinterpret pc=0x00000000031b7da4 method=java.util.concurrent.locks.ReentrantLock$NonfairSync.lock()V @ 6
Event: 8.067 Thread 0x000000001beb4000 Uncommon trap: reason=unstable_if action=reinterpret pc=0x00000000031b84b8 method=sun.awt.PostEventQueue.flush()V @ 23
Event: 32.086 Thread 0x000000001c122000 Uncommon trap: reason=unstable_if action=reinterpret pc=0x000000000310a550 method=java.util.concurrent.locks.AbstractQueuedSynchronizer.release(I)Z @ 14
Event: 32.086 Thread 0x000000001c11f000 Uncommon trap: reason=class_check action=maybe_recompile pc=0x0000000003517198 method=jogamp.opengl.GLDrawableImpl.lockSurface()I @ 4
Event: 32.086 Thread 0x000000001c11f000 Uncommon trap: reason=class_check action=maybe_recompile pc=0x0000000002f00600 method=jogamp.opengl.GLDrawableImpl.getHandle()J @ 4
Event: 32.086 Thread 0x000000001c11f000 Uncommon trap: reason=class_check action=maybe_recompile pc=0x0000000002f00600 method=jogamp.opengl.GLDrawableImpl.getHandle()J @ 4
Event: 32.086 Thread 0x000000001c11f000 Uncommon trap: reason=class_check action=maybe_recompile pc=0x00000000035181b8 method=jogamp.opengl.GLDrawableImpl.lockSurface()I @ 4
Event: 32.086 Thread 0x000000001c11f000 Uncommon trap: reason=class_check action=maybe_recompile pc=0x0000000002f00600 method=jogamp.opengl.GLDrawableImpl.getHandle()J @ 4
Event: 32.087 Thread 0x000000001c11f000 Uncommon trap: reason=class_check action=maybe_recompile pc=0x0000000002f00600 method=jogamp.opengl.GLDrawableImpl.getHandle()J @ 4
Event: 32.087 Thread 0x000000001c11f000 Uncommon trap: reason=unstable_if action=reinterpret pc=0x0000000002d32474 method=jogamp.opengl.GLContextImpl.release(Z)V @ 161

Classes redefined (0 events):
No events

Internal exceptions (10 events):
Event: 0.376 Thread 0x0000000002a52800 Exception <a 'java/lang/NoSuchFieldError': method resolution failed> (0x00000000d62b9f98) thrown at [C:\re\workspace\8-2-build-windows-amd64-cygwin\jdk8u181\11358\hotspot\src\share\vm\prims\methodHandles.cpp, line 1167]
Event: 0.642 Thread 0x0000000002a52800 Implicit null exception at 0x0000000002d99756 to 0x0000000002d99af1
Event: 0.876 Thread 0x0000000002a52800 Exception <a 'java/io/FileNotFoundException'> (0x00000000d7880da0) thrown at [C:\re\workspace\8-2-build-windows-amd64-cygwin\jdk8u181\11358\hotspot\src\share\vm\prims\jni.cpp, line 709]
Event: 0.899 Thread 0x0000000002a52800 Exception <a 'java/io/FileNotFoundException'> (0x00000000d78cbb48) thrown at [C:\re\workspace\8-2-build-windows-amd64-cygwin\jdk8u181\11358\hotspot\src\share\vm\prims\jni.cpp, line 709]
Event: 1.769 Thread 0x0000000002a52800 Implicit null exception at 0x0000000002f4f815 to 0x0000000002f4fa05
Event: 1.769 Thread 0x0000000002a52800 Implicit null exception at 0x0000000002fc99bb to 0x0000000002fca095
Event: 1.770 Thread 0x0000000002a52800 Implicit null exception at 0x0000000002eec9af to 0x0000000002eeca19
Event: 4.539 Thread 0x0000000002a52800 Exception <a 'java/lang/reflect/InvocationTargetException'> (0x00000000d5b79530) thrown at [C:\re\workspace\8-2-build-windows-amd64-cygwin\jdk8u181\11358\hotspot\src\share\vm\runtime\reflection.cpp, line 1092]
Event: 4.850 Thread 0x0000000002a52800 Implicit null exception at 0x000000000315b040 to 0x000000000315b29d
Event: 32.086 Thread 0x000000001c122000 Implicit null exception at 0x000000000310a447 to 0x000000000310a53e

Events (10 events):
Event: 32.091 loading class jogamp/opengl/egl/EGLGraphicsConfigurationFactory done
Event: 32.093 loading class com/jogamp/nativewindow/egl/EGLGraphicsDevice
Event: 32.093 loading class com/jogamp/nativewindow/egl/EGLGraphicsDevice done
Event: 32.093 loading class jogamp/opengl/egl/EGLDisplayUtil
Event: 32.093 loading class jogamp/opengl/egl/EGLDisplayUtil done
Event: 32.093 loading class com/jogamp/nativewindow/egl/EGLGraphicsDevice$EGLDisplayLifecycleCallback
Event: 32.093 loading class com/jogamp/nativewindow/egl/EGLGraphicsDevice$EGLDisplayLifecycleCallback done
Event: 32.093 loading class jogamp/opengl/egl/EGLDisplayUtil$1
Event: 32.093 loading class jogamp/opengl/egl/EGLDisplayUtil$1 done
Event: 32.094 Thread 0x000000001c120800 Thread exited: 0x000000001c120800


Dynamic libraries:
0x00007ff69edd0000 - 0x00007ff69ee07000 	C:\Program Files\Java\jdk1.8.0_181\bin\java.exe
0x00007ffc65cf0000 - 0x00007ffc65ed1000 	C:\WINDOWS\SYSTEM32\ntdll.dll
0x00007ffc65770000 - 0x00007ffc65821000 	C:\WINDOWS\System32\KERNEL32.DLL
0x00007ffc62ac0000 - 0x00007ffc62d33000 	C:\WINDOWS\System32\KERNELBASE.dll
0x00007ffc65830000 - 0x00007ffc658d1000 	C:\WINDOWS\System32\ADVAPI32.dll
0x00007ffc63630000 - 0x00007ffc636ce000 	C:\WINDOWS\System32\msvcrt.dll
0x00007ffc655a0000 - 0x00007ffc655fb000 	C:\WINDOWS\System32\sechost.dll
0x00007ffc65960000 - 0x00007ffc65a84000 	C:\WINDOWS\System32\RPCRT4.dll
0x00007ffc65b20000 - 0x00007ffc65cb0000 	C:\WINDOWS\System32\USER32.dll
0x00007ffc62140000 - 0x00007ffc62160000 	C:\WINDOWS\System32\win32u.dll
0x00007ffc636d0000 - 0x00007ffc636f8000 	C:\WINDOWS\System32\GDI32.dll
0x00007ffc62f30000 - 0x00007ffc630c2000 	C:\WINDOWS\System32\gdi32full.dll
0x00007ffc62920000 - 0x00007ffc629bf000 	C:\WINDOWS\System32\msvcp_win.dll
0x00007ffc629c0000 - 0x00007ffc62ab8000 	C:\WINDOWS\System32\ucrtbase.dll
0x00007ffc59ab0000 - 0x00007ffc59d19000 	C:\WINDOWS\WinSxS\amd64_microsoft.windows.common-controls_6595b64144ccf1df_6.0.17134.706_none_fb43a2cb30647007\COMCTL32.dll
0x00007ffc63250000 - 0x00007ffc63572000 	C:\WINDOWS\System32\combase.dll
0x00007ffc620c0000 - 0x00007ffc6213a000 	C:\WINDOWS\System32\bcryptPrimitives.dll
0x00007ffc65a90000 - 0x00007ffc65abd000 	C:\WINDOWS\System32\IMM32.DLL
0x0000000055450000 - 0x0000000055522000 	C:\Program Files\Java\jdk1.8.0_181\jre\bin\msvcr100.dll
0x0000000054ba0000 - 0x0000000055442000 	C:\Program Files\Java\jdk1.8.0_181\jre\bin\server\jvm.dll
0x00007ffc65590000 - 0x00007ffc65598000 	C:\WINDOWS\System32\PSAPI.DLL
0x00007ffc50270000 - 0x00007ffc50279000 	C:\WINDOWS\SYSTEM32\WSOCK32.dll
0x00007ffc5fe70000 - 0x00007ffc5fe93000 	C:\WINDOWS\SYSTEM32\WINMM.dll
0x00007ffc5c980000 - 0x00007ffc5c98a000 	C:\WINDOWS\SYSTEM32\VERSION.dll
0x00007ffc65480000 - 0x00007ffc654ec000 	C:\WINDOWS\System32\WS2_32.dll
0x00007ffc5fd20000 - 0x00007ffc5fd4a000 	C:\WINDOWS\SYSTEM32\WINMMBASE.dll
0x00007ffc621c0000 - 0x00007ffc62209000 	C:\WINDOWS\System32\cfgmgr32.dll
0x00000000555f0000 - 0x00000000555ff000 	C:\Program Files\Java\jdk1.8.0_181\jre\bin\verify.dll
0x00000000555c0000 - 0x00000000555e9000 	C:\Program Files\Java\jdk1.8.0_181\jre\bin\java.dll
0x00000000555a0000 - 0x00000000555b6000 	C:\Program Files\Java\jdk1.8.0_181\jre\bin\zip.dll
0x00007ffc63ec0000 - 0x00007ffc65300000 	C:\WINDOWS\System32\SHELL32.dll
0x00007ffc63580000 - 0x00007ffc63629000 	C:\WINDOWS\System32\shcore.dll
0x00007ffc62210000 - 0x00007ffc6291d000 	C:\WINDOWS\System32\windows.storage.dll
0x00007ffc63700000 - 0x00007ffc63751000 	C:\WINDOWS\System32\shlwapi.dll
0x00007ffc62080000 - 0x00007ffc62091000 	C:\WINDOWS\System32\kernel.appcore.dll
0x00007ffc62010000 - 0x00007ffc6202f000 	C:\WINDOWS\System32\profapi.dll
0x00007ffc62030000 - 0x00007ffc6207c000 	C:\WINDOWS\System32\powrprof.dll
0x00007ffc62000000 - 0x00007ffc6200a000 	C:\WINDOWS\System32\FLTLIB.DLL
0x0000000180000000 - 0x0000000180016000 	C:\Users\Turing\Desktop\javagaming\jinput\lib\jinput-dx8_64.dll
0x00007ffc3d740000 - 0x00007ffc3d783000 	C:\WINDOWS\SYSTEM32\DINPUT8.dll
0x00007ffc53780000 - 0x00007ffc537f9000 	C:\WINDOWS\SYSTEM32\inputhost.dll
0x00007ffc5cdc0000 - 0x00007ffc5cf0d000 	C:\WINDOWS\SYSTEM32\wintypes.dll
0x00007ffc5cf60000 - 0x00007ffc5d27e000 	C:\WINDOWS\SYSTEM32\CoreUIComponents.dll
0x00007ffc5fc40000 - 0x00007ffc5fd1a000 	C:\WINDOWS\SYSTEM32\CoreMessaging.dll
0x00007ffc610f0000 - 0x00007ffc61121000 	C:\WINDOWS\SYSTEM32\ntmarta.dll
0x00007ffc60290000 - 0x00007ffc60328000 	C:\WINDOWS\system32\uxtheme.dll
0x00007ffc65300000 - 0x00007ffc65473000 	C:\WINDOWS\System32\MSCTF.dll
0x00007ffc63180000 - 0x00007ffc63242000 	C:\WINDOWS\System32\OLEAUT32.dll
0x00007ffc60d60000 - 0x00007ffc60d6c000 	C:\WINDOWS\SYSTEM32\HID.DLL
0x00007ffc63760000 - 0x00007ffc63bab000 	C:\WINDOWS\System32\SETUPAPI.DLL
0x00007ffc61e10000 - 0x00007ffc61e37000 	C:\WINDOWS\SYSTEM32\DEVOBJ.dll
0x00007ffc62160000 - 0x00007ffc621b7000 	C:\WINDOWS\System32\WINTRUST.dll
0x00007ffc620a0000 - 0x00007ffc620b2000 	C:\WINDOWS\System32\MSASN1.dll
0x00007ffc62d40000 - 0x00007ffc62f22000 	C:\WINDOWS\System32\CRYPT32.dll
0x00007ffc60360000 - 0x00007ffc60389000 	C:\WINDOWS\system32\dwmapi.dll
0x000000001b830000 - 0x000000001b844000 	C:\Users\Turing\Desktop\javagaming\jinput\lib\jinput-raw_64.dll
0x00007ffc61a40000 - 0x00007ffc61a57000 	C:\WINDOWS\SYSTEM32\CRYPTSP.dll
0x00007ffc61400000 - 0x00007ffc61433000 	C:\WINDOWS\system32\rsaenh.dll
0x00007ffc61b60000 - 0x00007ffc61b85000 	C:\WINDOWS\SYSTEM32\bcrypt.dll
0x00007ffc61f30000 - 0x00007ffc61f58000 	C:\WINDOWS\SYSTEM32\USERENV.dll
0x00007ffc61a30000 - 0x00007ffc61a3b000 	C:\WINDOWS\SYSTEM32\CRYPTBASE.dll
0x0000000055580000 - 0x000000005559a000 	C:\Program Files\Java\jdk1.8.0_181\jre\bin\net.dll
0x00007ffc61880000 - 0x00007ffc618e6000 	C:\WINDOWS\system32\mswsock.dll
0x00007ffc615a0000 - 0x00007ffc615d8000 	C:\WINDOWS\SYSTEM32\IPHLPAPI.DLL
0x00007ffc65cb0000 - 0x00007ffc65cb8000 	C:\WINDOWS\System32\NSI.dll
0x00007ffc5bc90000 - 0x00007ffc5bca6000 	C:\WINDOWS\SYSTEM32\dhcpcsvc6.DLL
0x00007ffc5bc50000 - 0x00007ffc5bc6a000 	C:\WINDOWS\SYSTEM32\dhcpcsvc.DLL
0x0000000055560000 - 0x0000000055571000 	C:\Program Files\Java\jdk1.8.0_181\jre\bin\nio.dll
0x00007ffc5ff70000 - 0x00007ffc5fffb000 	C:\WINDOWS\system32\apphelp.dll
0x00000000637c0000 - 0x00000000637cd000 	C:\Users\Turing\AppData\Local\Temp\jogamp_0000\file_cache\jln2091277536035299133\jln8620735794633538290\natives\windows-amd64\gluegen-rt.dll
0x0000000054960000 - 0x0000000054af9000 	C:\Program Files\Java\jdk1.8.0_181\jre\bin\awt.dll
0x00007ffc65610000 - 0x00007ffc65761000 	C:\WINDOWS\System32\ole32.dll
0x0000000055550000 - 0x0000000055557000 	C:\Program Files\Java\jdk1.8.0_181\jre\bin\jawt.dll
0x000000006a440000 - 0x000000006a44d000 	C:\Users\Turing\AppData\Local\Temp\jogamp_0000\file_cache\jln2091277536035299133\jln8620735794633538290\natives\windows-amd64\nativewindow_awt.dll
0x00007ffc270e0000 - 0x00007ffc27200000 	C:\WINDOWS\system32\opengl32.dll
0x00007ffc270b0000 - 0x00007ffc270dc000 	C:\WINDOWS\SYSTEM32\GLU32.dll
0x000000006c100000 - 0x000000006c10f000 	C:\Users\Turing\AppData\Local\Temp\jogamp_0000\file_cache\jln2091277536035299133\jln8620735794633538290\natives\windows-amd64\nativewindow_win32.dll
0x0000000064500000 - 0x00000000645b1000 	C:\Users\Turing\AppData\Local\Temp\jogamp_0000\file_cache\jln2091277536035299133\jln8620735794633538290\natives\windows-amd64\jogl_desktop.dll
0x0000000064340000 - 0x00000000643a2000 	C:\Users\Turing\AppData\Local\Temp\jogamp_0000\file_cache\jln2091277536035299133\jln8620735794633538290\natives\windows-amd64\jogl_mobile.dll
0x00000000522d0000 - 0x0000000054953000 	C:\WINDOWS\System32\DriverStore\FileRepository\nv_dispi.inf_amd64_6992f55a2cc4b209\nvoglv64.dll
0x00007ffc5e8a0000 - 0x00007ffc5e8b3000 	C:\WINDOWS\SYSTEM32\WTSAPI32.dll
0x00007ffc27c30000 - 0x00007ffc27ef6000 	C:\WINDOWS\system32\nvspcap64.dll
0x00007ffc616b0000 - 0x00007ffc61706000 	C:\WINDOWS\SYSTEM32\WINSTA.dll
0x0000000054b50000 - 0x0000000054b97000 	C:\Program Files\Java\jdk1.8.0_181\jre\bin\fontmanager.dll
0x0000000052280000 - 0x00000000522c2000 	C:\Program Files\Java\jdk1.8.0_181\jre\bin\t2k.dll
0x00007ffc51490000 - 0x00007ffc51526000 	C:\WINDOWS\System32\TextInputFramework.dll
0x0000000052240000 - 0x0000000052271000 	C:\Program Files\Java\jdk1.8.0_181\jre\bin\jpeg.dll
0x0000000052200000 - 0x000000005223e000 	C:\Program Files\Java\jdk1.8.0_181\jre\bin\lcms.dll
0x00007ffc4edc0000 - 0x00007ffc4ef89000 	C:\WINDOWS\SYSTEM32\dbghelp.dll

VM Arguments:
jvm_args: -Dsun.java2d.d3d=false 
java_command: a3.MyGame 10.0.0.4 6000
java_class_path (initial): C:\Users\Turing\Desktop\javagaming\jogamp-all-platforms\jar\jogl-all.jar;C:\Users\Turing\Desktop\javagaming\jogamp-all-platforms\jar\gluegen-rt.jar;C:\Users\Turing\Desktop\javagaming\graphicslib3D\graphicslib3D.jar;C:\Users\Turing\Desktop\javagaming\rage165\ray.jar;C:\Users\Turing\Desktop\javagaming\jbullet\jbullet.jar;C:\Users\Turing\Desktop\javagaming\jinput\jinput.jar;C:\Users\Turing\Desktop\javagaming\vecmath\vecmath.jar;
Launcher Type: SUN_STANDARD

Environment Variables:
JAVA_HOME=C:\Program Files\Java\jdk1.8.0_181
CLASSPATH=C:\Users\Turing\Desktop\javagaming\jogamp-all-platforms\jar\jogl-all.jar;C:\Users\Turing\Desktop\javagaming\jogamp-all-platforms\jar\gluegen-rt.jar;C:\Users\Turing\Desktop\javagaming\graphicslib3D\graphicslib3D.jar;C:\Users\Turing\Desktop\javagaming\rage165\ray.jar;C:\Users\Turing\Desktop\javagaming\jbullet\jbullet.jar;C:\Users\Turing\Desktop\javagaming\jinput\jinput.jar;C:\Users\Turing\Desktop\javagaming\vecmath\vecmath.jar;
PATH=C:\MinGW\bin;C:\Program Files\Java\jdk1.8.0_181\bin;C:\Users\Turing\Desktop\javagaming\jinput\lib;C:\Program Files (x86)\Common Files\Oracle\Java\javapath;C:\Program Files\Java\jdk1.8.0_181\bin;C:\Program Files (x86)\NVIDIA Corporation\PhysX\Common;C:\Program Files\NVIDIA Corporation\NVIDIA NvDLISR;C:\Windows\System32;C:\Users\Turing\AppData\Local\Programs\Python\Python36\Scripts;C:\Users\Turing\AppData\Local\Programs\Python\Python36;C:\Users\Turing\AppData\Local\Programs\Python\Python36\Scripts\;C:\Users\Turing\AppData\Local\Programs\Python\Python36\;C:\Users\Turing\AppData\Local\Microsoft\WindowsApps;;C:\Users\Turing\AppData\Local\Programs\Microsoft VS Code\bin
USERNAME=Turing
OS=Windows_NT
PROCESSOR_IDENTIFIER=Intel64 Family 6 Model 60 Stepping 3, GenuineIntel



---------------  S Y S T E M  ---------------

OS: Windows 10.0 , 64 bit Build 17134 (10.0.17134.706)

CPU:total 8 (initial active 8) (4 cores per cpu, 2 threads per core) family 6 model 60 stepping 3, cmov, cx8, fxsr, mmx, sse, sse2, sse3, ssse3, sse4.1, sse4.2, popcnt, avx, avx2, aes, clmul, erms, lzcnt, ht, tsc, tscinvbit, bmi1, bmi2

Memory: 4k page, physical 8330252k(2787116k free), swap 21961740k(9743060k free)

vm_info: Java HotSpot(TM) 64-Bit Server VM (25.181-b13) for windows-amd64 JRE (1.8.0_181-b13), built on Jul  7 2018 04:01:33 by "java_re" with MS VC++ 10.0 (VS2010)

time: Tue May 07 16:29:14 2019
elapsed time: 32 seconds (0d 0h 0m 32s)

