#
# A fatal error has been detected by the Java Runtime Environment:
#
#  EXCEPTION_ACCESS_VIOLATION (0xc0000005) at pc=0x0000000060df543f, pid=13156, tid=0x00000000000058b0
#
# JRE version: Java(TM) SE Runtime Environment (8.0_181-b13) (build 1.8.0_181-b13)
# Java VM: Java HotSpot(TM) 64-Bit Server VM (25.181-b13 mixed mode windows-amd64 compressed oops)
# Problematic frame:
# C  [nvoglv64.dll+0xbe543f]
#
# Failed to write core dump. Minidumps are not enabled by default on client versions of Windows
#
# If you would like to submit a bug report, please visit:
#   http://bugreport.java.com/bugreport/crash.jsp
# The crash happened outside the Java Virtual Machine in native code.
# See problematic frame for where to report the bug.
#

---------------  T H R E A D  ---------------

Current thread (0x000000001bd9c000):  JavaThread "AWT-EventQueue-0" [_thread_in_native, id=22704, stack(0x000000001c9b0000,0x000000001cab0000)]

siginfo: ExceptionCode=0xc0000005, reading address 0x00000000246d2254

Registers:
RAX=0x000001468997842a, RBX=0x0000000000000438, RCX=0x000000000000000a, RDX=0x000bdc0c3b855da4
RSP=0x000000001caad240, RBP=0x000000001caad2d9, RSI=0x00000000246d1870, RDI=0x00000000251fd040
R8 =0x000000007fffff81, R9 =0x000812194e523117, R10=0x0000000000000000, R11=0x0000000000000246
R12=0x0000000000000000, R13=0x000000001d89b750, R14=0x0000000000000000, R15=0x0000000000000000
RIP=0x0000000060df543f, EFLAGS=0x0000000000010202

Top of Stack: (sp=0x000000001caad240)
0x000000001caad240:   000004fb896275e3 00000000246d1870
0x000000001caad250:   000000001caad2d9 0000000000000000
0x000000001caad260:   000000001caad288 0000000000000010
0x000000001caad270:   7fffffff0291a8bf 0000043800000000
0x000000001caad280:   000000010291a8c0 0291a8bf00000001
0x000000001caad290:   0000000300000200 0000000000000000
0x000000001caad2a0:   0000000000000000 0000000000000000
0x000000001caad2b0:   0000000000000000 0000000000000000
0x000000001caad2c0:   000000001caad340 00007ffabc7e2770
0x000000001caad2d0:   0000000000000000 000000001d89b750
0x000000001caad2e0:   00000000246d1870 0000000000000000
0x000000001caad2f0:   0000007e00000010 0000000000000000
0x000000001caad300:   0000000000000000 0000000000000003
0x000000001caad310:   0000000000000000 00000000246d1870
0x000000001caad320:   00000000251fd040 00000000246d1820
0x000000001caad330:   0000000000000001 0000000060cd2b01 

Instructions: (pc=0x0000000060df543f)
0x0000000060df541f:   90 33 d2 4c 89 55 cf 48 89 55 d7 41 8b c2 89 45
0x0000000060df542f:   9f 48 89 55 df 45 84 f6 75 36 ff 15 91 f3 86 01
0x0000000060df543f:   48 8b 96 e4 09 00 00 4c 8d 4d d7 48 8b 8f 38 3f
0x0000000060df544f:   0f 00 4c 8d 45 9f 48 89 45 cf e8 12 cc fa ff 8b 


Register to memory mapping:

RAX=0x000001468997842a is an unknown value
RBX=0x0000000000000438 is an unknown value
RCX=0x000000000000000a is an unknown value
RDX=0x000bdc0c3b855da4 is an unknown value
RSP=0x000000001caad240 is pointing into the stack for thread: 0x000000001bd9c000
RBP=0x000000001caad2d9 is pointing into the stack for thread: 0x000000001bd9c000
RSI=0x00000000246d1870 is an unknown value
RDI=0x00000000251fd040 is an unknown value
R8 =0x000000007fffff81 is an unknown value
R9 =0x000812194e523117 is an unknown value
R10=0x0000000000000000 is an unknown value
R11=0x0000000000000246 is an unknown value
R12=0x0000000000000000 is an unknown value
R13=0x000000001d89b750 is an unknown value
R14=0x0000000000000000 is an unknown value
R15=0x0000000000000000 is an unknown value


Stack: [0x000000001c9b0000,0x000000001cab0000],  sp=0x000000001caad240,  free space=1012k
Native frames: (J=compiled Java code, j=interpreted, Vv=VM code, C=native code)
C  [nvoglv64.dll+0xbe543f]
C  [nvoglv64.dll+0xac2b01]
C  [nvoglv64.dll+0xa989ad]
C  [nvoglv64.dll+0xa98b05]
C  [nvoglv64.dll+0xa988ee]
C  [nvoglv64.dll+0xa983e6]
C  [nvoglv64.dll+0xa8183c]
C  [opengl32.dll+0x3a427]
C  [gdi32full.dll+0x67cfe]
C  [nativewindow_win32.dll+0x2b6d]
C  0x000000000344e73b

Java frames: (J=compiled Java code, j=interpreted, Vv=VM code)
J 2022  jogamp.nativewindow.windows.GDI.SwapBuffers(J)Z (0 bytes) @ 0x000000000344e6c1 [0x000000000344e680+0x41]
J 2099 C2 java.awt.EventQueue$3.run()Ljava/lang/Object; (5 bytes) @ 0x00000000034b9f40 [0x00000000034b9860+0x6e0]
v  ~StubRoutines::call_stub
J 1434  java.security.AccessController.doPrivileged(Ljava/security/PrivilegedAction;Ljava/security/AccessControlContext;)Ljava/lang/Object; (0 bytes) @ 0x00000000032657a6 [0x0000000003265740+0x66]
J 2094 C2 java.awt.EventQueue.dispatchEvent(Ljava/awt/AWTEvent;)V (80 bytes) @ 0x00000000034b4f18 [0x00000000034b47c0+0x758]
J 2101 C2 java.awt.EventDispatchThread.pumpOneEventForFilters(I)V (190 bytes) @ 0x00000000034bff10 [0x00000000034bf2e0+0xc30]
j  java.awt.EventDispatchThread.pumpEventsForFilter(ILjava/awt/Conditional;Ljava/awt/EventFilter;)V+35
j  java.awt.EventDispatchThread.pumpEventsForHierarchy(ILjava/awt/Conditional;Ljava/awt/Component;)V+11
j  java.awt.EventDispatchThread.pumpEvents(ILjava/awt/Conditional;)V+4
j  java.awt.EventDispatchThread.pumpEvents(Ljava/awt/Conditional;)V+3
j  java.awt.EventDispatchThread.run()V+9
v  ~StubRoutines::call_stub

---------------  P R O C E S S  ---------------

Java Threads: ( => current thread )
  0x000000001bcaa800 JavaThread "Thread-5" daemon [_thread_in_native, id=1596, stack(0x0000000029030000,0x0000000029130000)]
  0x000000001bc8a800 JavaThread "SIGINT handler" daemon [_thread_blocked, id=5388, stack(0x0000000028a30000,0x0000000028b30000)]
  0x00000000259af800 JavaThread "Thread-7" [_thread_in_native, id=25236, stack(0x0000000028510000,0x0000000028610000)]
=>0x000000001bd9c000 JavaThread "AWT-EventQueue-0" [_thread_in_native, id=22704, stack(0x000000001c9b0000,0x000000001cab0000)]
  0x000000001bd7a800 JavaThread "AWT-Windows" daemon [_thread_in_native, id=20012, stack(0x000000001c6b0000,0x000000001c7b0000)]
  0x000000001bd71800 JavaThread "AWT-Shutdown" [_thread_blocked, id=19432, stack(0x000000001c5b0000,0x000000001c6b0000)]
  0x000000001bd71000 JavaThread "Java2D Disposer" daemon [_thread_blocked, id=1612, stack(0x000000001c4b0000,0x000000001c5b0000)]
  0x0000000019e57800 JavaThread "Thread-2" daemon [_thread_in_native, id=12488, stack(0x000000001ba70000,0x000000001bb70000)]
  0x0000000019c98800 JavaThread "Service Thread" daemon [_thread_blocked, id=9156, stack(0x000000001a7b0000,0x000000001a8b0000)]
  0x0000000019bf6800 JavaThread "C1 CompilerThread3" daemon [_thread_blocked, id=24516, stack(0x000000001a6b0000,0x000000001a7b0000)]
  0x0000000019bf3800 JavaThread "C2 CompilerThread2" daemon [_thread_blocked, id=17624, stack(0x000000001a5b0000,0x000000001a6b0000)]
  0x0000000019bee800 JavaThread "C2 CompilerThread1" daemon [_thread_blocked, id=23720, stack(0x000000001a4b0000,0x000000001a5b0000)]
  0x0000000019beb000 JavaThread "C2 CompilerThread0" daemon [_thread_blocked, id=26060, stack(0x000000001a3b0000,0x000000001a4b0000)]
  0x0000000019bea000 JavaThread "Attach Listener" daemon [_thread_blocked, id=17008, stack(0x000000001a2b0000,0x000000001a3b0000)]
  0x0000000019be9000 JavaThread "Signal Dispatcher" daemon [_thread_blocked, id=9688, stack(0x000000001a1b0000,0x000000001a2b0000)]
  0x0000000017d03000 JavaThread "Finalizer" daemon [_thread_blocked, id=2396, stack(0x0000000019fc0000,0x000000001a0c0000)]
  0x0000000002d09800 JavaThread "Reference Handler" daemon [_thread_blocked, id=25452, stack(0x0000000019ac0000,0x0000000019bc0000)]
  0x0000000002c0e000 JavaThread "main" [_thread_blocked, id=9484, stack(0x0000000002a40000,0x0000000002b40000)]

Other Threads:
  0x0000000017cf8800 VMThread [stack: 0x00000000199c0000,0x0000000019ac0000] [id=25364]
  0x0000000019c9a800 WatcherThread [stack: 0x000000001a8b0000,0x000000001a9b0000] [id=4164]

VM state:not at safepoint (normal execution)

VM Mutex/Monitor currently owned by a thread: None

Heap:
 PSYoungGen      total 281600K, used 197967K [0x00000000d5a00000, 0x00000000f0c80000, 0x0000000100000000)
  eden space 265728K, 74% used [0x00000000d5a00000,0x00000000e1b53d60,0x00000000e5d80000)
  from space 15872K, 0% used [0x00000000e5d80000,0x00000000e5d80000,0x00000000e6d00000)
  to   space 16384K, 0% used [0x00000000efc80000,0x00000000efc80000,0x00000000f0c80000)
 ParOldGen       total 417280K, used 167646K [0x0000000080e00000, 0x000000009a580000, 0x00000000d5a00000)
  object space 417280K, 40% used [0x0000000080e00000,0x000000008b1b7af0,0x000000009a580000)
 Metaspace       used 18664K, capacity 18890K, committed 19200K, reserved 1067008K
  class space    used 1891K, capacity 1965K, committed 2048K, reserved 1048576K

Card table byte_map: [0x00000000120d0000,0x00000000124d0000] byte_map_base: 0x0000000011cc9000

Marking Bits: (ParMarkBitMap*) 0x0000000063312d00
 Begin Bits: [0x0000000012f80000, 0x0000000014f48000)
 End Bits:   [0x0000000014f48000, 0x0000000016f10000)

Polling page: 0x00000000011c0000

CodeCache: size=245760Kb used=7885Kb max_used=7930Kb free=237874Kb
 bounds [0x0000000002d10000, 0x00000000034e0000, 0x0000000011d10000]
 total_blobs=2972 nmethods=2099 adapters=785
 compilation: enabled

Compilation events (10 events):
Event: 62.899 Thread 0x0000000019bee800 2119       4       ray.rage.scene.generic.GenericSceneManager::prepareEntityRenderQueue (103 bytes)
Event: 62.911 Thread 0x0000000019bee800 nmethod 2119 0x0000000002e6b4d0 code [0x0000000002e6b660, 0x0000000002e6c158]
Event: 71.582 Thread 0x0000000019bf6800 2120       3       java.awt.Component::eventTypeEnabled (487 bytes)
Event: 71.583 Thread 0x0000000019bf6800 nmethod 2120 0x0000000002e2de50 code [0x0000000002e2e000, 0x0000000002e2ea70]
Event: 73.369 Thread 0x0000000019bf6800 2121       3       java.util.Hashtable$Enumerator::hasMoreElements (53 bytes)
Event: 73.369 Thread 0x0000000019bf6800 nmethod 2121 0x0000000002e7efd0 code [0x0000000002e7f140, 0x0000000002e7f410]
Event: 73.369 Thread 0x0000000019bf6800 2122  s    3       java.util.Hashtable::containsKey (65 bytes)
Event: 73.369 Thread 0x0000000019bf6800 nmethod 2122 0x00000000034afed0 code [0x00000000034b0060, 0x00000000034b0698]
Event: 73.369 Thread 0x0000000019bf6800 2123       3       java.util.Hashtable$Enumerator::nextElement (111 bytes)
Event: 73.370 Thread 0x0000000019bf6800 nmethod 2123 0x0000000002e69690 code [0x0000000002e69820, 0x0000000002e69c48]

GC Heap History (10 events):
Event: 1.964 GC heap before
{Heap before GC invocations=7 (full 0):
 PSYoungGen      total 147968K, used 144010K [0x00000000d5a00000, 0x00000000df900000, 0x0000000100000000)
  eden space 133120K, 100% used [0x00000000d5a00000,0x00000000ddc00000,0x00000000ddc00000)
  from space 14848K, 73% used [0x00000000dea80000,0x00000000df522b10,0x00000000df900000)
  to   space 14848K, 0% used [0x00000000ddc00000,0x00000000ddc00000,0x00000000dea80000)
 ParOldGen       total 87552K, used 21819K [0x0000000080e00000, 0x0000000086380000, 0x00000000d5a00000)
  object space 87552K, 24% used [0x0000000080e00000,0x000000008234eed8,0x0000000086380000)
 Metaspace       used 16859K, capacity 17086K, committed 17536K, reserved 1064960K
  class space    used 1738K, capacity 1835K, committed 1920K, reserved 1048576K
Event: 1.970 GC heap after
Heap after GC invocations=7 (full 0):
 PSYoungGen      total 147968K, used 4097K [0x00000000d5a00000, 0x00000000e7c00000, 0x0000000100000000)
  eden space 133120K, 0% used [0x00000000d5a00000,0x00000000d5a00000,0x00000000ddc00000)
  from space 14848K, 27% used [0x00000000ddc00000,0x00000000de000708,0x00000000dea80000)
  to   space 15360K, 0% used [0x00000000e6d00000,0x00000000e6d00000,0x00000000e7c00000)
 ParOldGen       total 87552K, used 26652K [0x0000000080e00000, 0x0000000086380000, 0x00000000d5a00000)
  object space 87552K, 30% used [0x0000000080e00000,0x00000000828073e8,0x0000000086380000)
 Metaspace       used 16859K, capacity 17086K, committed 17536K, reserved 1064960K
  class space    used 1738K, capacity 1835K, committed 1920K, reserved 1048576K
}
Event: 2.376 GC heap before
{Heap before GC invocations=8 (full 0):
 PSYoungGen      total 147968K, used 124977K [0x00000000d5a00000, 0x00000000e7c00000, 0x0000000100000000)
  eden space 133120K, 90% used [0x00000000d5a00000,0x00000000dd00beb8,0x00000000ddc00000)
  from space 14848K, 27% used [0x00000000ddc00000,0x00000000de000708,0x00000000dea80000)
  to   space 15360K, 0% used [0x00000000e6d00000,0x00000000e6d00000,0x00000000e7c00000)
 ParOldGen       total 87552K, used 26652K [0x0000000080e00000, 0x0000000086380000, 0x00000000d5a00000)
  object space 87552K, 30% used [0x0000000080e00000,0x00000000828073e8,0x0000000086380000)
 Metaspace       used 17390K, capacity 17566K, committed 17792K, reserved 1064960K
  class space    used 1802K, capacity 1867K, committed 1920K, reserved 1048576K
Event: 2.403 GC heap after
Heap after GC invocations=8 (full 0):
 PSYoungGen      total 281088K, used 3776K [0x00000000d5a00000, 0x00000000e7d00000, 0x0000000100000000)
  eden space 265728K, 0% used [0x00000000d5a00000,0x00000000d5a00000,0x00000000e5d80000)
  from space 15360K, 24% used [0x00000000e6d00000,0x00000000e70b03f8,0x00000000e7c00000)
  to   space 15872K, 0% used [0x00000000e5d80000,0x00000000e5d80000,0x00000000e6d00000)
 ParOldGen       total 151040K, used 121552K [0x0000000080e00000, 0x000000008a180000, 0x00000000d5a00000)
  object space 151040K, 80% used [0x0000000080e00000,0x00000000884b4390,0x000000008a180000)
 Metaspace       used 17390K, capacity 17566K, committed 17792K, reserved 1064960K
  class space    used 1802K, capacity 1867K, committed 1920K, reserved 1048576K
}
Event: 2.403 GC heap before
{Heap before GC invocations=9 (full 1):
 PSYoungGen      total 281088K, used 3776K [0x00000000d5a00000, 0x00000000e7d00000, 0x0000000100000000)
  eden space 265728K, 0% used [0x00000000d5a00000,0x00000000d5a00000,0x00000000e5d80000)
  from space 15360K, 24% used [0x00000000e6d00000,0x00000000e70b03f8,0x00000000e7c00000)
  to   space 15872K, 0% used [0x00000000e5d80000,0x00000000e5d80000,0x00000000e6d00000)
 ParOldGen       total 151040K, used 121552K [0x0000000080e00000, 0x000000008a180000, 0x00000000d5a00000)
  object space 151040K, 80% used [0x0000000080e00000,0x00000000884b4390,0x000000008a180000)
 Metaspace       used 17390K, capacity 17566K, committed 17792K, reserved 1064960K
  class space    used 1802K, capacity 1867K, committed 1920K, reserved 1048576K
Event: 2.423 GC heap after
Heap after GC invocations=9 (full 1):
 PSYoungGen      total 281088K, used 0K [0x00000000d5a00000, 0x00000000e7d00000, 0x0000000100000000)
  eden space 265728K, 0% used [0x00000000d5a00000,0x00000000d5a00000,0x00000000e5d80000)
  from space 15360K, 0% used [0x00000000e6d00000,0x00000000e6d00000,0x00000000e7c00000)
  to   space 15872K, 0% used [0x00000000e5d80000,0x00000000e5d80000,0x00000000e6d00000)
 ParOldGen       total 126976K, used 41058K [0x0000000080e00000, 0x0000000088a00000, 0x00000000d5a00000)
  object space 126976K, 32% used [0x0000000080e00000,0x0000000083618ad8,0x0000000088a00000)
 Metaspace       used 17390K, capacity 17566K, committed 17792K, reserved 1064960K
  class space    used 1802K, capacity 1867K, committed 1920K, reserved 1048576K
}
Event: 2.892 GC heap before
{Heap before GC invocations=10 (full 1):
 PSYoungGen      total 281088K, used 265728K [0x00000000d5a00000, 0x00000000e7d00000, 0x0000000100000000)
  eden space 265728K, 100% used [0x00000000d5a00000,0x00000000e5d80000,0x00000000e5d80000)
  from space 15360K, 0% used [0x00000000e6d00000,0x00000000e6d00000,0x00000000e7c00000)
  to   space 15872K, 0% used [0x00000000e5d80000,0x00000000e5d80000,0x00000000e6d00000)
 ParOldGen       total 126976K, used 41058K [0x0000000080e00000, 0x0000000088a00000, 0x00000000d5a00000)
  object space 126976K, 32% used [0x0000000080e00000,0x0000000083618ad8,0x0000000088a00000)
 Metaspace       used 17435K, capacity 17598K, committed 17792K, reserved 1064960K
  class space    used 1812K, capacity 1899K, committed 1920K, reserved 1048576K
Event: 2.967 GC heap after
Heap after GC invocations=10 (full 1):
 PSYoungGen      total 281600K, used 279K [0x00000000d5a00000, 0x00000000f0c80000, 0x0000000100000000)
  eden space 265728K, 0% used [0x00000000d5a00000,0x00000000d5a00000,0x00000000e5d80000)
  from space 15872K, 1% used [0x00000000e5d80000,0x00000000e5dc5e58,0x00000000e6d00000)
  to   space 16384K, 0% used [0x00000000efc80000,0x00000000efc80000,0x00000000f0c80000)
 ParOldGen       total 476160K, used 452091K [0x0000000080e00000, 0x000000009df00000, 0x00000000d5a00000)
  object space 476160K, 94% used [0x0000000080e00000,0x000000009c77eeb0,0x000000009df00000)
 Metaspace       used 17435K, capacity 17598K, committed 17792K, reserved 1064960K
  class space    used 1812K, capacity 1899K, committed 1920K, reserved 1048576K
}
Event: 2.967 GC heap before
{Heap before GC invocations=11 (full 2):
 PSYoungGen      total 281600K, used 279K [0x00000000d5a00000, 0x00000000f0c80000, 0x0000000100000000)
  eden space 265728K, 0% used [0x00000000d5a00000,0x00000000d5a00000,0x00000000e5d80000)
  from space 15872K, 1% used [0x00000000e5d80000,0x00000000e5dc5e58,0x00000000e6d00000)
  to   space 16384K, 0% used [0x00000000efc80000,0x00000000efc80000,0x00000000f0c80000)
 ParOldGen       total 476160K, used 452091K [0x0000000080e00000, 0x000000009df00000, 0x00000000d5a00000)
  object space 476160K, 94% used [0x0000000080e00000,0x000000009c77eeb0,0x000000009df00000)
 Metaspace       used 17435K, capacity 17598K, committed 17792K, reserved 1064960K
  class space    used 1812K, capacity 1899K, committed 1920K, reserved 1048576K
Event: 2.992 GC heap after
Heap after GC invocations=11 (full 2):
 PSYoungGen      total 281600K, used 0K [0x00000000d5a00000, 0x00000000f0c80000, 0x0000000100000000)
  eden space 265728K, 0% used [0x00000000d5a00000,0x00000000d5a00000,0x00000000e5d80000)
  from space 15872K, 0% used [0x00000000e5d80000,0x00000000e5d80000,0x00000000e6d00000)
  to   space 16384K, 0% used [0x00000000efc80000,0x00000000efc80000,0x00000000f0c80000)
 ParOldGen       total 417280K, used 167646K [0x0000000080e00000, 0x000000009a580000, 0x00000000d5a00000)
  object space 417280K, 40% used [0x0000000080e00000,0x000000008b1b7af0,0x000000009a580000)
 Metaspace       used 17435K, capacity 17598K, committed 17792K, reserved 1064960K
  class space    used 1812K, capacity 1899K, committed 1920K, reserved 1048576K
}

Deoptimization events (10 events):
Event: 73.368 Thread 0x000000001bdcd800 Uncommon trap: reason=unstable_if action=reinterpret pc=0x0000000003393bd8 method=java.util.HashMap.values()Ljava/util/Collection; @ 6
Event: 73.368 Thread 0x000000001bdcd800 Uncommon trap: reason=class_check action=maybe_recompile pc=0x000000000335824c method=jogamp.opengl.GLDrawableImpl.lockSurface()I @ 4
Event: 73.369 Thread 0x000000001bdcd800 Uncommon trap: reason=class_check action=maybe_recompile pc=0x0000000003421f00 method=jogamp.opengl.GLDrawableImpl.getHandle()J @ 4
Event: 73.369 Thread 0x000000001bdcd800 Uncommon trap: reason=class_check action=maybe_recompile pc=0x0000000003421f00 method=jogamp.opengl.GLDrawableImpl.getHandle()J @ 4
Event: 73.369 Thread 0x000000001bdcd800 Uncommon trap: reason=class_check action=maybe_recompile pc=0x000000000338be8c method=jogamp.opengl.GLDrawableImpl.lockSurface()I @ 4
Event: 73.369 Thread 0x000000001bdcd800 Uncommon trap: reason=class_check action=maybe_recompile pc=0x0000000003421f00 method=jogamp.opengl.GLDrawableImpl.getHandle()J @ 4
Event: 73.369 Thread 0x000000001bdcd800 Uncommon trap: reason=class_check action=maybe_recompile pc=0x00000000034a4164 method=jogamp.opengl.GLDrawableImpl.getHandle()J @ 4
Event: 73.369 Thread 0x000000001bdcd800 Uncommon trap: reason=class_check action=maybe_recompile pc=0x0000000003421f00 method=jogamp.opengl.GLDrawableImpl.getHandle()J @ 4
Event: 73.369 Thread 0x000000001bdcd800 Uncommon trap: reason=unstable_if action=reinterpret pc=0x0000000003386444 method=jogamp.opengl.GLContextImpl.release(Z)V @ 161
Event: 73.374 Thread 0x000000001bca8000 Uncommon trap: reason=unstable_if action=reinterpret pc=0x000000000346d34c method=java.lang.reflect.Method.invoke(Ljava/lang/Object;[Ljava/lang/Object;)Ljava/lang/Object; @ 45

Classes redefined (0 events):
No events

Internal exceptions (10 events):
Event: 0.100 Thread 0x0000000002c0e000 Exception <a 'java/security/PrivilegedActionException'> (0x00000000d5bf0028) thrown at [C:\re\workspace\8-2-build-windows-amd64-cygwin\jdk8u181\11358\hotspot\src\share\vm\prims\jvm.cpp, line 1435]
Event: 0.101 Thread 0x0000000002c0e000 Exception <a 'java/security/PrivilegedActionException'> (0x00000000d5bf4130) thrown at [C:\re\workspace\8-2-build-windows-amd64-cygwin\jdk8u181\11358\hotspot\src\share\vm\prims\jvm.cpp, line 1435]
Event: 0.101 Thread 0x0000000002c0e000 Exception <a 'java/security/PrivilegedActionException'> (0x00000000d5bf4528) thrown at [C:\re\workspace\8-2-build-windows-amd64-cygwin\jdk8u181\11358\hotspot\src\share\vm\prims\jvm.cpp, line 1435]
Event: 0.497 Thread 0x0000000002c0e000 Exception <a 'java/lang/NoSuchFieldError': method resolution failed> (0x00000000d63a5bb0) thrown at [C:\re\workspace\8-2-build-windows-amd64-cygwin\jdk8u181\11358\hotspot\src\share\vm\prims\methodHandles.cpp, line 1167]
Event: 0.498 Thread 0x0000000002c0e000 Exception <a 'java/lang/NoSuchFieldError': method resolution failed> (0x00000000d63b32a0) thrown at [C:\re\workspace\8-2-build-windows-amd64-cygwin\jdk8u181\11358\hotspot\src\share\vm\prims\methodHandles.cpp, line 1167]
Event: 0.610 Thread 0x0000000002c0e000 Exception <a 'java/io/FileNotFoundException'> (0x00000000d653c650) thrown at [C:\re\workspace\8-2-build-windows-amd64-cygwin\jdk8u181\11358\hotspot\src\share\vm\prims\jni.cpp, line 709]
Event: 0.633 Thread 0x0000000002c0e000 Exception <a 'java/io/FileNotFoundException'> (0x00000000d6587348) thrown at [C:\re\workspace\8-2-build-windows-amd64-cygwin\jdk8u181\11358\hotspot\src\share\vm\prims\jni.cpp, line 709]
Event: 1.539 Thread 0x0000000002c0e000 Exception <a 'java/lang/reflect/InvocationTargetException'> (0x00000000d7a64140) thrown at [C:\re\workspace\8-2-build-windows-amd64-cygwin\jdk8u181\11358\hotspot\src\share\vm\runtime\reflection.cpp, line 1092]
Event: 73.368 Thread 0x0000000019e44800 Implicit null exception at 0x00000000033509c7 to 0x0000000003350abe
Event: 73.374 Thread 0x000000001bca8000 Implicit null exception at 0x000000000346d002 to 0x000000000346d331

Events (10 events):
Event: 73.374 loading class jogamp/opengl/egl/EGLDisplayUtil
Event: 73.374 loading class jogamp/opengl/egl/EGLDisplayUtil done
Event: 73.374 loading class com/jogamp/nativewindow/egl/EGLGraphicsDevice$EGLDisplayLifecycleCallback
Event: 73.374 loading class com/jogamp/nativewindow/egl/EGLGraphicsDevice$EGLDisplayLifecycleCallback done
Event: 73.374 loading class jogamp/opengl/egl/EGLDisplayUtil$1
Event: 73.374 loading class jogamp/opengl/egl/EGLDisplayUtil$1 done
Event: 73.374 Thread 0x000000001bca8000 Uncommon trap: trap_request=0xffffff65 fr.pc=0x000000000346d34c
Event: 73.374 Thread 0x000000001bca8000 DEOPT PACKING pc=0x000000000346d34c sp=0x0000000028f2f420
Event: 73.374 Thread 0x000000001bca8000 DEOPT UNPACKING pc=0x0000000002d5583b sp=0x0000000028f2f3f0 mode 2
Event: 73.374 Thread 0x000000001bca8000 Thread exited: 0x000000001bca8000


Dynamic libraries:
0x00007ff626750000 - 0x00007ff626787000 	C:\Program Files\Java\jdk1.8.0_181\bin\java.exe
0x00007ffac2140000 - 0x00007ffac2321000 	C:\WINDOWS\SYSTEM32\ntdll.dll
0x00007ffabfd30000 - 0x00007ffabfde2000 	C:\WINDOWS\System32\KERNEL32.DLL
0x00007ffabf200000 - 0x00007ffabf473000 	C:\WINDOWS\System32\KERNELBASE.dll
0x00007ffac05a0000 - 0x00007ffac0641000 	C:\WINDOWS\System32\ADVAPI32.dll
0x00007ffabf650000 - 0x00007ffabf6ee000 	C:\WINDOWS\System32\msvcrt.dll
0x00007ffac0650000 - 0x00007ffac06ab000 	C:\WINDOWS\System32\sechost.dll
0x00007ffabfa70000 - 0x00007ffabfb94000 	C:\WINDOWS\System32\RPCRT4.dll
0x00007ffabfba0000 - 0x00007ffabfd30000 	C:\WINDOWS\System32\USER32.dll
0x00007ffabe510000 - 0x00007ffabe530000 	C:\WINDOWS\System32\win32u.dll
0x00007ffabf850000 - 0x00007ffabf878000 	C:\WINDOWS\System32\GDI32.dll
0x00007ffabef10000 - 0x00007ffabf0a2000 	C:\WINDOWS\System32\gdi32full.dll
0x00007ffabf530000 - 0x00007ffabf5cf000 	C:\WINDOWS\System32\msvcp_win.dll
0x00007ffabf100000 - 0x00007ffabf1f8000 	C:\WINDOWS\System32\ucrtbase.dll
0x00007ffaa7790000 - 0x00007ffaa79f9000 	C:\WINDOWS\WinSxS\amd64_microsoft.windows.common-controls_6595b64144ccf1df_6.0.17134.648_none_fb45a0e93062a6d2\COMCTL32.dll
0x00007ffac0130000 - 0x00007ffac0452000 	C:\WINDOWS\System32\combase.dll
0x00007ffabee90000 - 0x00007ffabef0a000 	C:\WINDOWS\System32\bcryptPrimitives.dll
0x00007ffac1c20000 - 0x00007ffac1c4d000 	C:\WINDOWS\System32\IMM32.DLL
0x00000000633a0000 - 0x0000000063472000 	C:\Program Files\Java\jdk1.8.0_181\jre\bin\msvcr100.dll
0x0000000062af0000 - 0x0000000063392000 	C:\Program Files\Java\jdk1.8.0_181\jre\bin\server\jvm.dll
0x00007ffac0120000 - 0x00007ffac0128000 	C:\WINDOWS\System32\PSAPI.DLL
0x00007ffab3730000 - 0x00007ffab3739000 	C:\WINDOWS\SYSTEM32\WSOCK32.dll
0x00007ffab9fc0000 - 0x00007ffab9fca000 	C:\WINDOWS\SYSTEM32\VERSION.dll
0x00007ffaaf680000 - 0x00007ffaaf6a3000 	C:\WINDOWS\SYSTEM32\WINMM.dll
0x00007ffac0530000 - 0x00007ffac059c000 	C:\WINDOWS\System32\WS2_32.dll
0x00007ffaaf650000 - 0x00007ffaaf67a000 	C:\WINDOWS\SYSTEM32\WINMMBASE.dll
0x00007ffabf0b0000 - 0x00007ffabf0f9000 	C:\WINDOWS\System32\cfgmgr32.dll
0x0000000062ae0000 - 0x0000000062aef000 	C:\Program Files\Java\jdk1.8.0_181\jre\bin\verify.dll
0x0000000062ab0000 - 0x0000000062ad9000 	C:\Program Files\Java\jdk1.8.0_181\jre\bin\java.dll
0x0000000062a90000 - 0x0000000062aa6000 	C:\Program Files\Java\jdk1.8.0_181\jre\bin\zip.dll
0x00007ffac0760000 - 0x00007ffac1ba0000 	C:\WINDOWS\System32\SHELL32.dll
0x00007ffac06b0000 - 0x00007ffac0759000 	C:\WINDOWS\System32\shcore.dll
0x00007ffabe780000 - 0x00007ffabee8d000 	C:\WINDOWS\System32\windows.storage.dll
0x00007ffac20b0000 - 0x00007ffac2101000 	C:\WINDOWS\System32\shlwapi.dll
0x00007ffabe4f0000 - 0x00007ffabe501000 	C:\WINDOWS\System32\kernel.appcore.dll
0x00007ffabe4d0000 - 0x00007ffabe4ef000 	C:\WINDOWS\System32\profapi.dll
0x00007ffabe480000 - 0x00007ffabe4cc000 	C:\WINDOWS\System32\powrprof.dll
0x00007ffabe470000 - 0x00007ffabe47a000 	C:\WINDOWS\System32\FLTLIB.DLL
0x0000000180000000 - 0x0000000180016000 	C:\Users\Turing\Desktop\javagaming\jinput\lib\jinput-dx8_64.dll
0x00007ffaa3c60000 - 0x00007ffaa3ca3000 	C:\WINDOWS\SYSTEM32\DINPUT8.dll
0x00007ffaae3b0000 - 0x00007ffaae429000 	C:\WINDOWS\SYSTEM32\inputhost.dll
0x00007ffab69d0000 - 0x00007ffab6b1d000 	C:\WINDOWS\SYSTEM32\wintypes.dll
0x00007ffabc1b0000 - 0x00007ffabc28a000 	C:\WINDOWS\SYSTEM32\CoreMessaging.dll
0x00007ffaadc40000 - 0x00007ffaadf5e000 	C:\WINDOWS\SYSTEM32\CoreUIComponents.dll
0x00007ffabd540000 - 0x00007ffabd571000 	C:\WINDOWS\SYSTEM32\ntmarta.dll
0x00007ffabc640000 - 0x00007ffabc6d8000 	C:\WINDOWS\system32\uxtheme.dll
0x00007ffabf8e0000 - 0x00007ffabfa53000 	C:\WINDOWS\System32\MSCTF.dll
0x00007ffac0460000 - 0x00007ffac0523000 	C:\WINDOWS\System32\OLEAUT32.dll
0x00007ffabd0c0000 - 0x00007ffabd0cc000 	C:\WINDOWS\SYSTEM32\HID.DLL
0x00007ffac1c60000 - 0x00007ffac20ab000 	C:\WINDOWS\System32\SETUPAPI.DLL
0x00007ffabe260000 - 0x00007ffabe287000 	C:\WINDOWS\SYSTEM32\DEVOBJ.dll
0x00007ffabe530000 - 0x00007ffabe587000 	C:\WINDOWS\System32\WINTRUST.dll
0x00007ffabe450000 - 0x00007ffabe462000 	C:\WINDOWS\System32\MSASN1.dll
0x00007ffabe590000 - 0x00007ffabe772000 	C:\WINDOWS\System32\CRYPT32.dll
0x00007ffabc7e0000 - 0x00007ffabc809000 	C:\WINDOWS\system32\dwmapi.dll
0x000000001aac0000 - 0x000000001aad4000 	C:\Users\Turing\Desktop\javagaming\jinput\lib\jinput-raw_64.dll
0x00007ffabde80000 - 0x00007ffabde97000 	C:\WINDOWS\SYSTEM32\CRYPTSP.dll
0x00007ffabd850000 - 0x00007ffabd883000 	C:\WINDOWS\system32\rsaenh.dll
0x00007ffabdfb0000 - 0x00007ffabdfd5000 	C:\WINDOWS\SYSTEM32\bcrypt.dll
0x00007ffabe380000 - 0x00007ffabe3a8000 	C:\WINDOWS\SYSTEM32\USERENV.dll
0x00007ffabdea0000 - 0x00007ffabdeab000 	C:\WINDOWS\SYSTEM32\CRYPTBASE.dll
0x0000000062a70000 - 0x0000000062a8a000 	C:\Program Files\Java\jdk1.8.0_181\jre\bin\net.dll
0x00007ffabdcd0000 - 0x00007ffabdd36000 	C:\WINDOWS\system32\mswsock.dll
0x00007ffabda50000 - 0x00007ffabda88000 	C:\WINDOWS\SYSTEM32\IPHLPAPI.DLL
0x00007ffac1c50000 - 0x00007ffac1c58000 	C:\WINDOWS\System32\NSI.dll
0x00007ffab9b40000 - 0x00007ffab9b56000 	C:\WINDOWS\SYSTEM32\dhcpcsvc6.DLL
0x00007ffab9a60000 - 0x00007ffab9a7a000 	C:\WINDOWS\SYSTEM32\dhcpcsvc.DLL
0x0000000062a50000 - 0x0000000062a61000 	C:\Program Files\Java\jdk1.8.0_181\jre\bin\nio.dll
0x00007ffabc3e0000 - 0x00007ffabc46b000 	C:\WINDOWS\system32\apphelp.dll
0x00000000637c0000 - 0x00000000637cd000 	C:\Users\Turing\AppData\Local\Temp\jogamp_0000\file_cache\jln5437697539454511827\jln610780232393841620\natives\windows-amd64\gluegen-rt.dll
0x00000000628b0000 - 0x0000000062a49000 	C:\Program Files\Java\jdk1.8.0_181\jre\bin\awt.dll
0x00007ffabf6f0000 - 0x00007ffabf841000 	C:\WINDOWS\System32\ole32.dll
0x00000000628a0000 - 0x00000000628a7000 	C:\Program Files\Java\jdk1.8.0_181\jre\bin\jawt.dll
0x000000006a440000 - 0x000000006a44d000 	C:\Users\Turing\AppData\Local\Temp\jogamp_0000\file_cache\jln5437697539454511827\jln610780232393841620\natives\windows-amd64\nativewindow_awt.dll
0x00007ffa94e50000 - 0x00007ffa94f70000 	C:\WINDOWS\system32\opengl32.dll
0x00007ffaa9d60000 - 0x00007ffaa9d8c000 	C:\WINDOWS\SYSTEM32\GLU32.dll
0x000000006c100000 - 0x000000006c10f000 	C:\Users\Turing\AppData\Local\Temp\jogamp_0000\file_cache\jln5437697539454511827\jln610780232393841620\natives\windows-amd64\nativewindow_win32.dll
0x0000000064500000 - 0x00000000645b1000 	C:\Users\Turing\AppData\Local\Temp\jogamp_0000\file_cache\jln5437697539454511827\jln610780232393841620\natives\windows-amd64\jogl_desktop.dll
0x0000000064340000 - 0x00000000643a2000 	C:\Users\Turing\AppData\Local\Temp\jogamp_0000\file_cache\jln5437697539454511827\jln610780232393841620\natives\windows-amd64\jogl_mobile.dll
0x0000000060210000 - 0x0000000062893000 	C:\WINDOWS\System32\DriverStore\FileRepository\nv_dispi.inf_amd64_6992f55a2cc4b209\nvoglv64.dll
0x00007ffaba400000 - 0x00007ffaba413000 	C:\WINDOWS\SYSTEM32\WTSAPI32.dll
0x00007ffa8a160000 - 0x00007ffa8a426000 	C:\WINDOWS\system32\nvspcap64.dll
0x00007ffabd9f0000 - 0x00007ffabda46000 	C:\WINDOWS\SYSTEM32\WINSTA.dll
0x00000000601c0000 - 0x0000000060207000 	C:\Program Files\Java\jdk1.8.0_181\jre\bin\fontmanager.dll
0x00007ffaae430000 - 0x00007ffaae4c6000 	C:\WINDOWS\System32\TextInputFramework.dll
0x00007ffab9260000 - 0x00007ffab9429000 	C:\WINDOWS\SYSTEM32\dbghelp.dll

VM Arguments:
jvm_args: -Dsun.java2d.d3d=false 
java_command: a3.MyGame 10.0.0.1 6000
java_class_path (initial): C:\Users\Turing\Desktop\javagaming\jogamp-all-platforms\jar\jogl-all.jar;C:\Users\Turing\Desktop\javagaming\jogamp-all-platforms\jar\gluegen-rt.jar;C:\Users\Turing\Desktop\javagaming\graphicslib3D\graphicslib3D.jar;C:\Users\Turing\Desktop\javagaming\rage165\ray.jar;C:\Users\Turing\Desktop\javagaming\jbullet\jbullet.jar;C:\Users\Turing\Desktop\javagaming\jinput\jinput.jar;C:\Users\Turing\Desktop\javagaming\vecmath\vecmath.jar;
Launcher Type: SUN_STANDARD

Environment Variables:
JAVA_HOME=C:\Program Files\Java\jdk1.8.0_181
CLASSPATH=C:\Users\Turing\Desktop\javagaming\jogamp-all-platforms\jar\jogl-all.jar;C:\Users\Turing\Desktop\javagaming\jogamp-all-platforms\jar\gluegen-rt.jar;C:\Users\Turing\Desktop\javagaming\graphicslib3D\graphicslib3D.jar;C:\Users\Turing\Desktop\javagaming\rage165\ray.jar;C:\Users\Turing\Desktop\javagaming\jbullet\jbullet.jar;C:\Users\Turing\Desktop\javagaming\jinput\jinput.jar;C:\Users\Turing\Desktop\javagaming\vecmath\vecmath.jar;
PATH=C:\MinGW\bin;C:\Program Files\Java\jdk1.8.0_181\bin;C:\Users\Turing\Desktop\javagaming\jinput\lib;C:\Program Files (x86)\Common Files\Oracle\Java\javapath;C:\Program Files\Java\jdk1.8.0_181\bin;C:\Program Files (x86)\NVIDIA Corporation\PhysX\Common;C:\Program Files\NVIDIA Corporation\NVIDIA NvDLISR;C:\Users\Turing\AppData\Local\Programs\Python\Python37-32;C:\Windows\System32;C:\Users\Turing\AppData\Local\Microsoft\WindowsApps;
USERNAME=Turing
OS=Windows_NT
PROCESSOR_IDENTIFIER=Intel64 Family 6 Model 60 Stepping 3, GenuineIntel



---------------  S Y S T E M  ---------------

OS: Windows 10.0 , 64 bit Build 17134 (10.0.17134.648)

CPU:total 8 (initial active 8) (4 cores per cpu, 2 threads per core) family 6 model 60 stepping 3, cmov, cx8, fxsr, mmx, sse, sse2, sse3, ssse3, sse4.1, sse4.2, popcnt, avx, avx2, aes, clmul, erms, lzcnt, ht, tsc, tscinvbit, bmi1, bmi2

Memory: 4k page, physical 8330252k(2640524k free), swap 20157476k(8415668k free)

vm_info: Java HotSpot(TM) 64-Bit Server VM (25.181-b13) for windows-amd64 JRE (1.8.0_181-b13), built on Jul  7 2018 04:01:33 by "java_re" with MS VC++ 10.0 (VS2010)

time: Mon Apr 01 06:42:01 2019
elapsed time: 73 seconds (0d 0h 1m 13s)

