#
# A fatal error has been detected by the Java Runtime Environment:
#
#  EXCEPTION_ACCESS_VIOLATION (0xc0000005) at pc=0x0000000060da25f5, pid=1264, tid=0x000000000000680c
#
# JRE version: Java(TM) SE Runtime Environment (8.0_181-b13) (build 1.8.0_181-b13)
# Java VM: Java HotSpot(TM) 64-Bit Server VM (25.181-b13 mixed mode windows-amd64 compressed oops)
# Problematic frame:
# C  [nvoglv64.dll+0xb925f5]
#
# Failed to write core dump. Minidumps are not enabled by default on client versions of Windows
#
# If you would like to submit a bug report, please visit:
#   http://bugreport.java.com/bugreport/crash.jsp
# The crash happened outside the Java Virtual Machine in native code.
# See problematic frame for where to report the bug.
#

---------------  T H R E A D  ---------------

Current thread (0x000000001b6cb000):  JavaThread "AWT-EventQueue-0" [_thread_in_native, id=26636, stack(0x000000001c350000,0x000000001c450000)]

siginfo: ExceptionCode=0xc0000005, writing address 0x0000000024fe03a2

Registers:
RAX=0x000000001e0cb4c0, RBX=0x0000000024fdf140, RCX=0x0000000024fdf140, RDX=0x0000000000000000
RSP=0x000000001c44d7d0, RBP=0x0000000000000001, RSI=0x0000000025ac4040, RDI=0x0000000024fdf140
R8 =0x0000000000000000, R9 =0x0000000000000002, R10=0x000000001e0cb4c0, R11=0x000000001c44d580
R12=0x0000000000000000, R13=0x0000000000000003, R14=0x0000000000000000, R15=0x0000000000000000
RIP=0x0000000060da25f5, EFLAGS=0x0000000000010297

Top of Stack: (sp=0x000000001c44d7d0)
0x000000001c44d7d0:   000000001c44d850 00007ffabc7e2770
0x000000001c44d7e0:   0000000000000000 000000001e0cb4c0
0x000000001c44d7f0:   0000000024fdf140 0000000000000000
0x000000001c44d800:   0000007e00000010 0000000000000000
0x000000001c44d810:   0000000025ac4040 0000000060da1d5a
0x000000001c44d820:   0000000000000000 0000000024fdf140
0x000000001c44d830:   0000000025ac4040 0000000024fdf0f0
0x000000001c44d840:   0000000024fdf140 0000000060cd2b0c
0x000000001c44d850:   0000000024fdf0f0 0000000025ac4000
0x000000001c44d860:   0000000000000000 0000000000000000
0x000000001c44d870:   0000000025ac4040 0000000060ca89ad
0x000000001c44d880:   0000000024fdf0f0 0000000000000000
0x000000001c44d890:   0000000024fdf0f0 0000000024fdf0f0
0x000000001c44d8a0:   000000001e562ce0 00007ffabfbc0b00
0x000000001c44d8b0:   0000000000000001 0000000000000000
0x000000001c44d8c0:   0000000000000003 0000000060ca8b05 

Instructions: (pc=0x0000000060da25f5)
0x0000000060da25d5:   08 02 74 0e b0 01 88 83 62 12 00 00 48 83 c4 40
0x0000000060da25e5:   5b c3 33 c0 88 83 62 12 00 00 48 83 c4 40 5b c3
0x0000000060da25f5:   c6 81 62 12 00 00 00 48 83 c4 40 5b c3 cc cc cc
0x0000000060da2605:   cc cc cc cc cc cc cc cc cc cc cc 48 89 5c 24 08 


Register to memory mapping:

RAX=0x000000001e0cb4c0 is an unknown value
RBX=0x0000000024fdf140 is an unknown value
RCX=0x0000000024fdf140 is an unknown value
RDX=0x0000000000000000 is an unknown value
RSP=0x000000001c44d7d0 is pointing into the stack for thread: 0x000000001b6cb000
RBP=0x0000000000000001 is an unknown value
RSI=0x0000000025ac4040 is an unknown value
RDI=0x0000000024fdf140 is an unknown value
R8 =0x0000000000000000 is an unknown value
R9 =0x0000000000000002 is an unknown value
R10=0x000000001e0cb4c0 is an unknown value
R11=0x000000001c44d580 is pointing into the stack for thread: 0x000000001b6cb000
R12=0x0000000000000000 is an unknown value
R13=0x0000000000000003 is an unknown value
R14=0x0000000000000000 is an unknown value
R15=0x0000000000000000 is an unknown value


Stack: [0x000000001c350000,0x000000001c450000],  sp=0x000000001c44d7d0,  free space=1013k
Native frames: (J=compiled Java code, j=interpreted, Vv=VM code, C=native code)
C  [nvoglv64.dll+0xb925f5]
C  [nvoglv64.dll+0xb91d5a]
C  [nvoglv64.dll+0xac2b0c]
C  [nvoglv64.dll+0xa989ad]
C  [nvoglv64.dll+0xa98b05]
C  [nvoglv64.dll+0xa988ee]
C  [nvoglv64.dll+0xa983e6]
C  [nvoglv64.dll+0xa8183c]
C  [opengl32.dll+0x3a427]
C  [gdi32full.dll+0x67cfe]
C  [nativewindow_win32.dll+0x2b6d]
C  0x0000000002de5a3b

Java frames: (J=compiled Java code, j=interpreted, Vv=VM code)
J 1984  jogamp.nativewindow.windows.GDI.SwapBuffers(J)Z (0 bytes) @ 0x0000000002de59c1 [0x0000000002de5980+0x41]
J 2141 C2 java.awt.EventQueue$3.run()Ljava/lang/Object; (5 bytes) @ 0x0000000002e7c6c8 [0x0000000002e7be20+0x8a8]
v  ~StubRoutines::call_stub
J 1055  java.security.AccessController.doPrivileged(Ljava/security/PrivilegedAction;Ljava/security/AccessControlContext;)Ljava/lang/Object; (0 bytes) @ 0x0000000002acb226 [0x0000000002acb1c0+0x66]
J 2137 C2 java.awt.EventDispatchThread.pumpOneEventForFilters(I)V (190 bytes) @ 0x0000000002e711e4 [0x0000000002e70380+0xe64]
j  java.awt.EventDispatchThread.pumpEventsForFilter(ILjava/awt/Conditional;Ljava/awt/EventFilter;)V+35
j  java.awt.EventDispatchThread.pumpEventsForHierarchy(ILjava/awt/Conditional;Ljava/awt/Component;)V+11
j  java.awt.EventDispatchThread.pumpEvents(ILjava/awt/Conditional;)V+4
j  java.awt.EventDispatchThread.pumpEvents(Ljava/awt/Conditional;)V+3
j  java.awt.EventDispatchThread.run()V+9
v  ~StubRoutines::call_stub

---------------  P R O C E S S  ---------------

Java Threads: ( => current thread )
  0x00000000195d9800 JavaThread "Thread-5" daemon [_thread_in_native, id=13192, stack(0x0000000028610000,0x0000000028710000)]
  0x000000001d488000 JavaThread "SIGINT handler" daemon [_thread_blocked, id=15284, stack(0x0000000028310000,0x0000000028410000)]
  0x000000001d21f800 JavaThread "Thread-7" [_thread_in_native, id=26424, stack(0x0000000027df0000,0x0000000027ef0000)]
=>0x000000001b6cb000 JavaThread "AWT-EventQueue-0" [_thread_in_native, id=26636, stack(0x000000001c350000,0x000000001c450000)]
  0x000000001b6bd000 JavaThread "AWT-Windows" daemon [_thread_in_native, id=8264, stack(0x000000001c050000,0x000000001c150000)]
  0x000000001b6bc000 JavaThread "AWT-Shutdown" [_thread_blocked, id=10940, stack(0x000000001bf50000,0x000000001c050000)]
  0x000000001b69c000 JavaThread "Java2D Disposer" daemon [_thread_blocked, id=24652, stack(0x000000001be50000,0x000000001bf50000)]
  0x000000001988e000 JavaThread "Thread-2" daemon [_thread_in_native, id=144, stack(0x000000001b410000,0x000000001b510000)]
  0x0000000019641800 JavaThread "Service Thread" daemon [_thread_blocked, id=9820, stack(0x000000001a160000,0x000000001a260000)]
  0x00000000195ac000 JavaThread "C1 CompilerThread3" daemon [_thread_blocked, id=19696, stack(0x000000001a060000,0x000000001a160000)]
  0x00000000195a4000 JavaThread "C2 CompilerThread2" daemon [_thread_blocked, id=7812, stack(0x0000000019f60000,0x000000001a060000)]
  0x00000000195a2000 JavaThread "C2 CompilerThread1" daemon [_thread_blocked, id=10068, stack(0x0000000019e60000,0x0000000019f60000)]
  0x000000001959b800 JavaThread "C2 CompilerThread0" daemon [_thread_blocked, id=26580, stack(0x0000000019d60000,0x0000000019e60000)]
  0x000000001959a000 JavaThread "Attach Listener" daemon [_thread_blocked, id=21980, stack(0x0000000019c60000,0x0000000019d60000)]
  0x0000000019599800 JavaThread "Signal Dispatcher" daemon [_thread_blocked, id=24232, stack(0x0000000019b60000,0x0000000019c60000)]
  0x00000000026b9000 JavaThread "Finalizer" daemon [_thread_blocked, id=11880, stack(0x0000000019970000,0x0000000019a70000)]
  0x00000000026b5000 JavaThread "Reference Handler" daemon [_thread_blocked, id=9256, stack(0x0000000019470000,0x0000000019570000)]
  0x00000000025be000 JavaThread "main" [_thread_blocked, id=26008, stack(0x00000000023f0000,0x00000000024f0000)]

Other Threads:
  0x00000000176a9800 VMThread [stack: 0x0000000019370000,0x0000000019470000] [id=5024]
  0x0000000019642000 WatcherThread [stack: 0x000000001a260000,0x000000001a360000] [id=13696]

VM state:not at safepoint (normal execution)

VM Mutex/Monitor currently owned by a thread: None

Heap:
 PSYoungGen      total 281600K, used 174331K [0x00000000d5a00000, 0x00000000f0b80000, 0x0000000100000000)
  eden space 265728K, 65% used [0x00000000d5a00000,0x00000000e043ee90,0x00000000e5d80000)
  from space 15872K, 0% used [0x00000000e5d80000,0x00000000e5d80000,0x00000000e6d00000)
  to   space 16384K, 0% used [0x00000000efb80000,0x00000000efb80000,0x00000000f0b80000)
 ParOldGen       total 419328K, used 167563K [0x0000000080e00000, 0x000000009a780000, 0x00000000d5a00000)
  object space 419328K, 39% used [0x0000000080e00000,0x000000008b1a2fd0,0x000000009a780000)
 Metaspace       used 18706K, capacity 18894K, committed 19200K, reserved 1067008K
  class space    used 1891K, capacity 1965K, committed 2048K, reserved 1048576K

Card table byte_map: [0x0000000011a80000,0x0000000011e80000] byte_map_base: 0x0000000011679000

Marking Bits: (ParMarkBitMap*) 0x0000000063312d00
 Begin Bits: [0x0000000012930000, 0x00000000148f8000)
 End Bits:   [0x00000000148f8000, 0x00000000168c0000)

Polling page: 0x00000000009a0000

CodeCache: size=245760Kb used=7906Kb max_used=7913Kb free=237853Kb
 bounds [0x00000000026c0000, 0x0000000002e90000, 0x00000000116c0000]
 total_blobs=3021 nmethods=2148 adapters=785
 compilation: enabled

Compilation events (10 events):
Event: 43.835 Thread 0x00000000195a2000 2145       4       java.awt.event.InvocationEvent::<init> (52 bytes)
Event: 43.837 Thread 0x00000000195a2000 nmethod 2145 0x0000000002e79b10 code [0x0000000002e79c80, 0x0000000002e79ed8]
Event: 45.868 Thread 0x00000000195a4000 2146   !   4       jogamp.opengl.GLContextImpl::makeCurrentWithinLock (728 bytes)
Event: 45.870 Thread 0x00000000195a4000 nmethod 2146 0x0000000002e60610 code [0x0000000002e60780, 0x0000000002e609e8]
Event: 46.030 Thread 0x00000000195ac000 2147       3       java.util.Hashtable$Enumerator::hasMoreElements (53 bytes)
Event: 46.030 Thread 0x00000000195ac000 nmethod 2147 0x0000000002e5d550 code [0x0000000002e5d6c0, 0x0000000002e5d990]
Event: 46.030 Thread 0x00000000195ac000 2148  s    3       java.util.Hashtable::containsKey (65 bytes)
Event: 46.031 Thread 0x00000000195ac000 nmethod 2148 0x0000000002e76c50 code [0x0000000002e76de0, 0x0000000002e77418]
Event: 46.031 Thread 0x00000000195ac000 2149       3       java.util.Hashtable$Enumerator::nextElement (111 bytes)
Event: 46.031 Thread 0x00000000195ac000 nmethod 2149 0x0000000002e59050 code [0x0000000002e591e0, 0x0000000002e59608]

GC Heap History (10 events):
Event: 1.958 GC heap before
{Heap before GC invocations=7 (full 0):
 PSYoungGen      total 147968K, used 144074K [0x00000000d5a00000, 0x00000000df900000, 0x0000000100000000)
  eden space 133120K, 100% used [0x00000000d5a00000,0x00000000ddc00000,0x00000000ddc00000)
  from space 14848K, 73% used [0x00000000dea80000,0x00000000df532a48,0x00000000df900000)
  to   space 14848K, 0% used [0x00000000ddc00000,0x00000000ddc00000,0x00000000dea80000)
 ParOldGen       total 87552K, used 21888K [0x0000000080e00000, 0x0000000086380000, 0x00000000d5a00000)
  object space 87552K, 25% used [0x0000000080e00000,0x0000000082360130,0x0000000086380000)
 Metaspace       used 16911K, capacity 17086K, committed 17536K, reserved 1064960K
  class space    used 1741K, capacity 1835K, committed 1920K, reserved 1048576K
Event: 1.964 GC heap after
Heap after GC invocations=7 (full 0):
 PSYoungGen      total 147968K, used 4156K [0x00000000d5a00000, 0x00000000e7c00000, 0x0000000100000000)
  eden space 133120K, 0% used [0x00000000d5a00000,0x00000000d5a00000,0x00000000ddc00000)
  from space 14848K, 27% used [0x00000000ddc00000,0x00000000de00f0b0,0x00000000dea80000)
  to   space 15360K, 0% used [0x00000000e6d00000,0x00000000e6d00000,0x00000000e7c00000)
 ParOldGen       total 87552K, used 29082K [0x0000000080e00000, 0x0000000086380000, 0x00000000d5a00000)
  object space 87552K, 33% used [0x0000000080e00000,0x0000000082a66a68,0x0000000086380000)
 Metaspace       used 16911K, capacity 17086K, committed 17536K, reserved 1064960K
  class space    used 1741K, capacity 1835K, committed 1920K, reserved 1048576K
}
Event: 2.354 GC heap before
{Heap before GC invocations=8 (full 0):
 PSYoungGen      total 147968K, used 124927K [0x00000000d5a00000, 0x00000000e7c00000, 0x0000000100000000)
  eden space 133120K, 90% used [0x00000000d5a00000,0x00000000dcff0c80,0x00000000ddc00000)
  from space 14848K, 27% used [0x00000000ddc00000,0x00000000de00f0b0,0x00000000dea80000)
  to   space 15360K, 0% used [0x00000000e6d00000,0x00000000e6d00000,0x00000000e7c00000)
 ParOldGen       total 87552K, used 29082K [0x0000000080e00000, 0x0000000086380000, 0x00000000d5a00000)
  object space 87552K, 33% used [0x0000000080e00000,0x0000000082a66a68,0x0000000086380000)
 Metaspace       used 17492K, capacity 17634K, committed 18048K, reserved 1064960K
  class space    used 1805K, capacity 1867K, committed 1920K, reserved 1048576K
Event: 2.374 GC heap after
Heap after GC invocations=8 (full 0):
 PSYoungGen      total 281088K, used 4086K [0x00000000d5a00000, 0x00000000e7d00000, 0x0000000100000000)
  eden space 265728K, 0% used [0x00000000d5a00000,0x00000000d5a00000,0x00000000e5d80000)
  from space 15360K, 26% used [0x00000000e6d00000,0x00000000e70fdb98,0x00000000e7c00000)
  to   space 15872K, 0% used [0x00000000e5d80000,0x00000000e5d80000,0x00000000e6d00000)
 ParOldGen       total 151040K, used 123950K [0x0000000080e00000, 0x000000008a180000, 0x00000000d5a00000)
  object space 151040K, 82% used [0x0000000080e00000,0x000000008870ba10,0x000000008a180000)
 Metaspace       used 17492K, capacity 17634K, committed 18048K, reserved 1064960K
  class space    used 1805K, capacity 1867K, committed 1920K, reserved 1048576K
}
Event: 2.374 GC heap before
{Heap before GC invocations=9 (full 1):
 PSYoungGen      total 281088K, used 4086K [0x00000000d5a00000, 0x00000000e7d00000, 0x0000000100000000)
  eden space 265728K, 0% used [0x00000000d5a00000,0x00000000d5a00000,0x00000000e5d80000)
  from space 15360K, 26% used [0x00000000e6d00000,0x00000000e70fdb98,0x00000000e7c00000)
  to   space 15872K, 0% used [0x00000000e5d80000,0x00000000e5d80000,0x00000000e6d00000)
 ParOldGen       total 151040K, used 123950K [0x0000000080e00000, 0x000000008a180000, 0x00000000d5a00000)
  object space 151040K, 82% used [0x0000000080e00000,0x000000008870ba10,0x000000008a180000)
 Metaspace       used 17492K, capacity 17634K, committed 18048K, reserved 1064960K
  class space    used 1805K, capacity 1867K, committed 1920K, reserved 1048576K
Event: 2.395 GC heap after
Heap after GC invocations=9 (full 1):
 PSYoungGen      total 281088K, used 0K [0x00000000d5a00000, 0x00000000e7d00000, 0x0000000100000000)
  eden space 265728K, 0% used [0x00000000d5a00000,0x00000000d5a00000,0x00000000e5d80000)
  from space 15360K, 0% used [0x00000000e6d00000,0x00000000e6d00000,0x00000000e7c00000)
  to   space 15872K, 0% used [0x00000000e5d80000,0x00000000e5d80000,0x00000000e6d00000)
 ParOldGen       total 128000K, used 41064K [0x0000000080e00000, 0x0000000088b00000, 0x00000000d5a00000)
  object space 128000K, 32% used [0x0000000080e00000,0x000000008361a178,0x0000000088b00000)
 Metaspace       used 17492K, capacity 17634K, committed 18048K, reserved 1064960K
  class space    used 1805K, capacity 1867K, committed 1920K, reserved 1048576K
}
Event: 2.850 GC heap before
{Heap before GC invocations=10 (full 1):
 PSYoungGen      total 281088K, used 265728K [0x00000000d5a00000, 0x00000000e7d00000, 0x0000000100000000)
  eden space 265728K, 100% used [0x00000000d5a00000,0x00000000e5d80000,0x00000000e5d80000)
  from space 15360K, 0% used [0x00000000e6d00000,0x00000000e6d00000,0x00000000e7c00000)
  to   space 15872K, 0% used [0x00000000e5d80000,0x00000000e5d80000,0x00000000e6d00000)
 ParOldGen       total 128000K, used 41064K [0x0000000080e00000, 0x0000000088b00000, 0x00000000d5a00000)
  object space 128000K, 32% used [0x0000000080e00000,0x000000008361a178,0x0000000088b00000)
 Metaspace       used 17537K, capacity 17730K, committed 18048K, reserved 1064960K
  class space    used 1814K, capacity 1899K, committed 1920K, reserved 1048576K
Event: 2.905 GC heap after
Heap after GC invocations=10 (full 1):
 PSYoungGen      total 281600K, used 311K [0x00000000d5a00000, 0x00000000f0b80000, 0x0000000100000000)
  eden space 265728K, 0% used [0x00000000d5a00000,0x00000000d5a00000,0x00000000e5d80000)
  from space 15872K, 1% used [0x00000000e5d80000,0x00000000e5dcde58,0x00000000e6d00000)
  to   space 16384K, 0% used [0x00000000efb80000,0x00000000efb80000,0x00000000f0b80000)
 ParOldGen       total 477184K, used 452097K [0x0000000080e00000, 0x000000009e000000, 0x00000000d5a00000)
  object space 477184K, 94% used [0x0000000080e00000,0x000000009c780550,0x000000009e000000)
 Metaspace       used 17537K, capacity 17730K, committed 18048K, reserved 1064960K
  class space    used 1814K, capacity 1899K, committed 1920K, reserved 1048576K
}
Event: 2.905 GC heap before
{Heap before GC invocations=11 (full 2):
 PSYoungGen      total 281600K, used 311K [0x00000000d5a00000, 0x00000000f0b80000, 0x0000000100000000)
  eden space 265728K, 0% used [0x00000000d5a00000,0x00000000d5a00000,0x00000000e5d80000)
  from space 15872K, 1% used [0x00000000e5d80000,0x00000000e5dcde58,0x00000000e6d00000)
  to   space 16384K, 0% used [0x00000000efb80000,0x00000000efb80000,0x00000000f0b80000)
 ParOldGen       total 477184K, used 452097K [0x0000000080e00000, 0x000000009e000000, 0x00000000d5a00000)
  object space 477184K, 94% used [0x0000000080e00000,0x000000009c780550,0x000000009e000000)
 Metaspace       used 17537K, capacity 17730K, committed 18048K, reserved 1064960K
  class space    used 1814K, capacity 1899K, committed 1920K, reserved 1048576K
Event: 2.933 GC heap after
Heap after GC invocations=11 (full 2):
 PSYoungGen      total 281600K, used 0K [0x00000000d5a00000, 0x00000000f0b80000, 0x0000000100000000)
  eden space 265728K, 0% used [0x00000000d5a00000,0x00000000d5a00000,0x00000000e5d80000)
  from space 15872K, 0% used [0x00000000e5d80000,0x00000000e5d80000,0x00000000e6d00000)
  to   space 16384K, 0% used [0x00000000efb80000,0x00000000efb80000,0x00000000f0b80000)
 ParOldGen       total 419328K, used 167563K [0x0000000080e00000, 0x000000009a780000, 0x00000000d5a00000)
  object space 419328K, 39% used [0x0000000080e00000,0x000000008b1a2fd0,0x000000009a780000)
 Metaspace       used 17537K, capacity 17730K, committed 18048K, reserved 1064960K
  class space    used 1814K, capacity 1899K, committed 1920K, reserved 1048576K
}

Deoptimization events (10 events):
Event: 46.030 Thread 0x000000001b86d800 Uncommon trap: reason=unstable_if action=reinterpret pc=0x0000000002de5d58 method=java.util.HashMap.values()Ljava/util/Collection; @ 6
Event: 46.030 Thread 0x000000001b86d800 Uncommon trap: reason=class_check action=maybe_recompile pc=0x0000000002d4794c method=jogamp.opengl.GLDrawableImpl.lockSurface()I @ 4
Event: 46.030 Thread 0x000000001b86d800 Uncommon trap: reason=class_check action=maybe_recompile pc=0x0000000002d25c00 method=jogamp.opengl.GLDrawableImpl.getHandle()J @ 4
Event: 46.030 Thread 0x000000001b86d800 Uncommon trap: reason=class_check action=maybe_recompile pc=0x0000000002d25c00 method=jogamp.opengl.GLDrawableImpl.getHandle()J @ 4
Event: 46.030 Thread 0x000000001b86d800 Uncommon trap: reason=class_check action=maybe_recompile pc=0x0000000002d7548c method=jogamp.opengl.GLDrawableImpl.lockSurface()I @ 4
Event: 46.030 Thread 0x000000001b86d800 Uncommon trap: reason=class_check action=maybe_recompile pc=0x0000000002d25c00 method=jogamp.opengl.GLDrawableImpl.getHandle()J @ 4
Event: 46.030 Thread 0x000000001b86d800 Uncommon trap: reason=class_check action=maybe_recompile pc=0x0000000002e608a4 method=jogamp.opengl.GLDrawableImpl.getHandle()J @ 4
Event: 46.031 Thread 0x000000001b86d800 Uncommon trap: reason=class_check action=maybe_recompile pc=0x0000000002d25c00 method=jogamp.opengl.GLDrawableImpl.getHandle()J @ 4
Event: 46.031 Thread 0x000000001b86d800 Uncommon trap: reason=unstable_if action=reinterpret pc=0x0000000002d7acd8 method=jogamp.opengl.GLContextImpl.release(Z)V @ 161
Event: 46.036 Thread 0x000000001992f800 Uncommon trap: reason=unstable_if action=reinterpret pc=0x0000000002e5330c method=java.lang.reflect.Method.invoke(Ljava/lang/Object;[Ljava/lang/Object;)Ljava/lang/Object; @ 45

Classes redefined (0 events):
No events

Internal exceptions (10 events):
Event: 0.106 Thread 0x00000000025be000 Exception <a 'java/security/PrivilegedActionException'> (0x00000000d5bf0068) thrown at [C:\re\workspace\8-2-build-windows-amd64-cygwin\jdk8u181\11358\hotspot\src\share\vm\prims\jvm.cpp, line 1435]
Event: 0.106 Thread 0x00000000025be000 Exception <a 'java/security/PrivilegedActionException'> (0x00000000d5bf41e8) thrown at [C:\re\workspace\8-2-build-windows-amd64-cygwin\jdk8u181\11358\hotspot\src\share\vm\prims\jvm.cpp, line 1435]
Event: 0.106 Thread 0x00000000025be000 Exception <a 'java/security/PrivilegedActionException'> (0x00000000d5bf45e0) thrown at [C:\re\workspace\8-2-build-windows-amd64-cygwin\jdk8u181\11358\hotspot\src\share\vm\prims\jvm.cpp, line 1435]
Event: 0.470 Thread 0x00000000025be000 Exception <a 'java/lang/NoSuchFieldError': method resolution failed> (0x00000000d63a5b90) thrown at [C:\re\workspace\8-2-build-windows-amd64-cygwin\jdk8u181\11358\hotspot\src\share\vm\prims\methodHandles.cpp, line 1167]
Event: 0.472 Thread 0x00000000025be000 Exception <a 'java/lang/NoSuchFieldError': method resolution failed> (0x00000000d63b3280) thrown at [C:\re\workspace\8-2-build-windows-amd64-cygwin\jdk8u181\11358\hotspot\src\share\vm\prims\methodHandles.cpp, line 1167]
Event: 0.594 Thread 0x00000000025be000 Exception <a 'java/io/FileNotFoundException'> (0x00000000d653c920) thrown at [C:\re\workspace\8-2-build-windows-amd64-cygwin\jdk8u181\11358\hotspot\src\share\vm\prims\jni.cpp, line 709]
Event: 0.620 Thread 0x00000000025be000 Exception <a 'java/io/FileNotFoundException'> (0x00000000d6587630) thrown at [C:\re\workspace\8-2-build-windows-amd64-cygwin\jdk8u181\11358\hotspot\src\share\vm\prims\jni.cpp, line 709]
Event: 1.563 Thread 0x00000000025be000 Exception <a 'java/lang/reflect/InvocationTargetException'> (0x00000000d7a64f68) thrown at [C:\re\workspace\8-2-build-windows-amd64-cygwin\jdk8u181\11358\hotspot\src\share\vm\runtime\reflection.cpp, line 1092]
Event: 46.030 Thread 0x00000000195d8800 Implicit null exception at 0x0000000002cfdcc7 to 0x0000000002cfddbe
Event: 46.036 Thread 0x000000001992f800 Implicit null exception at 0x0000000002e52fc2 to 0x0000000002e532f1

Events (10 events):
Event: 46.035 loading class jogamp/opengl/egl/EGLDisplayUtil
Event: 46.035 loading class jogamp/opengl/egl/EGLDisplayUtil done
Event: 46.036 loading class com/jogamp/nativewindow/egl/EGLGraphicsDevice$EGLDisplayLifecycleCallback
Event: 46.036 loading class com/jogamp/nativewindow/egl/EGLGraphicsDevice$EGLDisplayLifecycleCallback done
Event: 46.036 loading class jogamp/opengl/egl/EGLDisplayUtil$1
Event: 46.036 loading class jogamp/opengl/egl/EGLDisplayUtil$1 done
Event: 46.036 Thread 0x000000001992f800 Uncommon trap: trap_request=0xffffff65 fr.pc=0x0000000002e5330c
Event: 46.036 Thread 0x000000001992f800 DEOPT PACKING pc=0x0000000002e5330c sp=0x000000002890f370
Event: 46.036 Thread 0x000000001992f800 DEOPT UNPACKING pc=0x000000000270583b sp=0x000000002890f340 mode 2
Event: 46.036 Thread 0x000000001992f800 Thread exited: 0x000000001992f800


Dynamic libraries:
0x00007ff626750000 - 0x00007ff626787000 	C:\Program Files\Java\jdk1.8.0_181\bin\java.exe
0x00007ffac2140000 - 0x00007ffac2321000 	C:\WINDOWS\SYSTEM32\ntdll.dll
0x00007ffabfd30000 - 0x00007ffabfde2000 	C:\WINDOWS\System32\KERNEL32.DLL
0x00007ffabf200000 - 0x00007ffabf473000 	C:\WINDOWS\System32\KERNELBASE.dll
0x00007ffac05a0000 - 0x00007ffac0641000 	C:\WINDOWS\System32\ADVAPI32.dll
0x00007ffabf650000 - 0x00007ffabf6ee000 	C:\WINDOWS\System32\msvcrt.dll
0x00007ffac0650000 - 0x00007ffac06ab000 	C:\WINDOWS\System32\sechost.dll
0x00007ffabfa70000 - 0x00007ffabfb94000 	C:\WINDOWS\System32\RPCRT4.dll
0x00007ffabfba0000 - 0x00007ffabfd30000 	C:\WINDOWS\System32\USER32.dll
0x00007ffabe510000 - 0x00007ffabe530000 	C:\WINDOWS\System32\win32u.dll
0x00007ffabf850000 - 0x00007ffabf878000 	C:\WINDOWS\System32\GDI32.dll
0x00007ffabef10000 - 0x00007ffabf0a2000 	C:\WINDOWS\System32\gdi32full.dll
0x00007ffabf530000 - 0x00007ffabf5cf000 	C:\WINDOWS\System32\msvcp_win.dll
0x00007ffabf100000 - 0x00007ffabf1f8000 	C:\WINDOWS\System32\ucrtbase.dll
0x00007ffaa7790000 - 0x00007ffaa79f9000 	C:\WINDOWS\WinSxS\amd64_microsoft.windows.common-controls_6595b64144ccf1df_6.0.17134.648_none_fb45a0e93062a6d2\COMCTL32.dll
0x00007ffac0130000 - 0x00007ffac0452000 	C:\WINDOWS\System32\combase.dll
0x00007ffabee90000 - 0x00007ffabef0a000 	C:\WINDOWS\System32\bcryptPrimitives.dll
0x00007ffac1c20000 - 0x00007ffac1c4d000 	C:\WINDOWS\System32\IMM32.DLL
0x00000000633a0000 - 0x0000000063472000 	C:\Program Files\Java\jdk1.8.0_181\jre\bin\msvcr100.dll
0x0000000062af0000 - 0x0000000063392000 	C:\Program Files\Java\jdk1.8.0_181\jre\bin\server\jvm.dll
0x00007ffac0120000 - 0x00007ffac0128000 	C:\WINDOWS\System32\PSAPI.DLL
0x00007ffab3730000 - 0x00007ffab3739000 	C:\WINDOWS\SYSTEM32\WSOCK32.dll
0x00007ffaaf680000 - 0x00007ffaaf6a3000 	C:\WINDOWS\SYSTEM32\WINMM.dll
0x00007ffab9fc0000 - 0x00007ffab9fca000 	C:\WINDOWS\SYSTEM32\VERSION.dll
0x00007ffac0530000 - 0x00007ffac059c000 	C:\WINDOWS\System32\WS2_32.dll
0x00007ffaaf650000 - 0x00007ffaaf67a000 	C:\WINDOWS\SYSTEM32\winmmbase.dll
0x00007ffabf0b0000 - 0x00007ffabf0f9000 	C:\WINDOWS\System32\cfgmgr32.dll
0x0000000062ae0000 - 0x0000000062aef000 	C:\Program Files\Java\jdk1.8.0_181\jre\bin\verify.dll
0x0000000062ab0000 - 0x0000000062ad9000 	C:\Program Files\Java\jdk1.8.0_181\jre\bin\java.dll
0x0000000062a90000 - 0x0000000062aa6000 	C:\Program Files\Java\jdk1.8.0_181\jre\bin\zip.dll
0x00007ffac0760000 - 0x00007ffac1ba0000 	C:\WINDOWS\System32\SHELL32.dll
0x00007ffac06b0000 - 0x00007ffac0759000 	C:\WINDOWS\System32\shcore.dll
0x00007ffabe780000 - 0x00007ffabee8d000 	C:\WINDOWS\System32\windows.storage.dll
0x00007ffac20b0000 - 0x00007ffac2101000 	C:\WINDOWS\System32\shlwapi.dll
0x00007ffabe4f0000 - 0x00007ffabe501000 	C:\WINDOWS\System32\kernel.appcore.dll
0x00007ffabe4d0000 - 0x00007ffabe4ef000 	C:\WINDOWS\System32\profapi.dll
0x00007ffabe480000 - 0x00007ffabe4cc000 	C:\WINDOWS\System32\powrprof.dll
0x00007ffabe470000 - 0x00007ffabe47a000 	C:\WINDOWS\System32\FLTLIB.DLL
0x0000000180000000 - 0x0000000180016000 	C:\Users\Turing\Desktop\javagaming\jinput\lib\jinput-dx8_64.dll
0x00007ffaa3c60000 - 0x00007ffaa3ca3000 	C:\WINDOWS\SYSTEM32\DINPUT8.dll
0x00007ffaae3b0000 - 0x00007ffaae429000 	C:\WINDOWS\SYSTEM32\inputhost.dll
0x00007ffabc1b0000 - 0x00007ffabc28a000 	C:\WINDOWS\SYSTEM32\CoreMessaging.dll
0x00007ffab69d0000 - 0x00007ffab6b1d000 	C:\WINDOWS\SYSTEM32\wintypes.dll
0x00007ffaadc40000 - 0x00007ffaadf5e000 	C:\WINDOWS\SYSTEM32\CoreUIComponents.dll
0x00007ffabd540000 - 0x00007ffabd571000 	C:\WINDOWS\SYSTEM32\ntmarta.dll
0x00007ffabc640000 - 0x00007ffabc6d8000 	C:\WINDOWS\system32\uxtheme.dll
0x00007ffabf8e0000 - 0x00007ffabfa53000 	C:\WINDOWS\System32\MSCTF.dll
0x00007ffac0460000 - 0x00007ffac0523000 	C:\WINDOWS\System32\OLEAUT32.dll
0x00007ffabd0c0000 - 0x00007ffabd0cc000 	C:\WINDOWS\SYSTEM32\HID.DLL
0x00007ffac1c60000 - 0x00007ffac20ab000 	C:\WINDOWS\System32\SETUPAPI.DLL
0x00007ffabe260000 - 0x00007ffabe287000 	C:\WINDOWS\SYSTEM32\DEVOBJ.dll
0x00007ffabe530000 - 0x00007ffabe587000 	C:\WINDOWS\System32\WINTRUST.dll
0x00007ffabe450000 - 0x00007ffabe462000 	C:\WINDOWS\System32\MSASN1.dll
0x00007ffabe590000 - 0x00007ffabe772000 	C:\WINDOWS\System32\CRYPT32.dll
0x00007ffabc7e0000 - 0x00007ffabc809000 	C:\WINDOWS\system32\dwmapi.dll
0x000000001b2b0000 - 0x000000001b2c4000 	C:\Users\Turing\Desktop\javagaming\jinput\lib\jinput-raw_64.dll
0x00007ffabde80000 - 0x00007ffabde97000 	C:\WINDOWS\SYSTEM32\CRYPTSP.dll
0x00007ffabd850000 - 0x00007ffabd883000 	C:\WINDOWS\system32\rsaenh.dll
0x00007ffabdfb0000 - 0x00007ffabdfd5000 	C:\WINDOWS\SYSTEM32\bcrypt.dll
0x00007ffabe380000 - 0x00007ffabe3a8000 	C:\WINDOWS\SYSTEM32\USERENV.dll
0x00007ffabdea0000 - 0x00007ffabdeab000 	C:\WINDOWS\SYSTEM32\CRYPTBASE.dll
0x0000000062a70000 - 0x0000000062a8a000 	C:\Program Files\Java\jdk1.8.0_181\jre\bin\net.dll
0x00007ffabdcd0000 - 0x00007ffabdd36000 	C:\WINDOWS\system32\mswsock.dll
0x00007ffabda50000 - 0x00007ffabda88000 	C:\WINDOWS\SYSTEM32\IPHLPAPI.DLL
0x00007ffac1c50000 - 0x00007ffac1c58000 	C:\WINDOWS\System32\NSI.dll
0x00007ffab9b40000 - 0x00007ffab9b56000 	C:\WINDOWS\SYSTEM32\dhcpcsvc6.DLL
0x00007ffab9a60000 - 0x00007ffab9a7a000 	C:\WINDOWS\SYSTEM32\dhcpcsvc.DLL
0x0000000062a50000 - 0x0000000062a61000 	C:\Program Files\Java\jdk1.8.0_181\jre\bin\nio.dll
0x00007ffabc3e0000 - 0x00007ffabc46b000 	C:\WINDOWS\system32\apphelp.dll
0x00000000637c0000 - 0x00000000637cd000 	C:\Users\Turing\AppData\Local\Temp\jogamp_0000\file_cache\jln4123596541416251776\jln7488456582637057552\natives\windows-amd64\gluegen-rt.dll
0x00000000628b0000 - 0x0000000062a49000 	C:\Program Files\Java\jdk1.8.0_181\jre\bin\awt.dll
0x00007ffabf6f0000 - 0x00007ffabf841000 	C:\WINDOWS\System32\ole32.dll
0x00000000628a0000 - 0x00000000628a7000 	C:\Program Files\Java\jdk1.8.0_181\jre\bin\jawt.dll
0x000000006a440000 - 0x000000006a44d000 	C:\Users\Turing\AppData\Local\Temp\jogamp_0000\file_cache\jln4123596541416251776\jln7488456582637057552\natives\windows-amd64\nativewindow_awt.dll
0x00007ffa94e50000 - 0x00007ffa94f70000 	C:\WINDOWS\system32\opengl32.dll
0x00007ffaa9d60000 - 0x00007ffaa9d8c000 	C:\WINDOWS\SYSTEM32\GLU32.dll
0x000000006c100000 - 0x000000006c10f000 	C:\Users\Turing\AppData\Local\Temp\jogamp_0000\file_cache\jln4123596541416251776\jln7488456582637057552\natives\windows-amd64\nativewindow_win32.dll
0x0000000064500000 - 0x00000000645b1000 	C:\Users\Turing\AppData\Local\Temp\jogamp_0000\file_cache\jln4123596541416251776\jln7488456582637057552\natives\windows-amd64\jogl_desktop.dll
0x0000000064340000 - 0x00000000643a2000 	C:\Users\Turing\AppData\Local\Temp\jogamp_0000\file_cache\jln4123596541416251776\jln7488456582637057552\natives\windows-amd64\jogl_mobile.dll
0x0000000060210000 - 0x0000000062893000 	C:\WINDOWS\System32\DriverStore\FileRepository\nv_dispi.inf_amd64_6992f55a2cc4b209\nvoglv64.dll
0x00007ffaba400000 - 0x00007ffaba413000 	C:\WINDOWS\SYSTEM32\WTSAPI32.dll
0x00007ffa8a160000 - 0x00007ffa8a426000 	C:\WINDOWS\system32\nvspcap64.dll
0x00007ffabd9f0000 - 0x00007ffabda46000 	C:\WINDOWS\SYSTEM32\WINSTA.dll
0x00000000601c0000 - 0x0000000060207000 	C:\Program Files\Java\jdk1.8.0_181\jre\bin\fontmanager.dll
0x00007ffaae430000 - 0x00007ffaae4c6000 	C:\WINDOWS\System32\TextInputFramework.dll
0x00007ffab9260000 - 0x00007ffab9429000 	C:\WINDOWS\SYSTEM32\dbghelp.dll

VM Arguments:
jvm_args: -Dsun.java2d.d3d=false 
java_command: a3.MyGame 10.0.0.1 6000
java_class_path (initial): C:\Users\Turing\Desktop\javagaming\jogamp-all-platforms\jar\jogl-all.jar;C:\Users\Turing\Desktop\javagaming\jogamp-all-platforms\jar\gluegen-rt.jar;C:\Users\Turing\Desktop\javagaming\graphicslib3D\graphicslib3D.jar;C:\Users\Turing\Desktop\javagaming\rage165\ray.jar;C:\Users\Turing\Desktop\javagaming\jbullet\jbullet.jar;C:\Users\Turing\Desktop\javagaming\jinput\jinput.jar;C:\Users\Turing\Desktop\javagaming\vecmath\vecmath.jar;
Launcher Type: SUN_STANDARD

Environment Variables:
JAVA_HOME=C:\Program Files\Java\jdk1.8.0_181
CLASSPATH=C:\Users\Turing\Desktop\javagaming\jogamp-all-platforms\jar\jogl-all.jar;C:\Users\Turing\Desktop\javagaming\jogamp-all-platforms\jar\gluegen-rt.jar;C:\Users\Turing\Desktop\javagaming\graphicslib3D\graphicslib3D.jar;C:\Users\Turing\Desktop\javagaming\rage165\ray.jar;C:\Users\Turing\Desktop\javagaming\jbullet\jbullet.jar;C:\Users\Turing\Desktop\javagaming\jinput\jinput.jar;C:\Users\Turing\Desktop\javagaming\vecmath\vecmath.jar;
PATH=C:\MinGW\bin;C:\Program Files\Java\jdk1.8.0_181\bin;C:\Users\Turing\Desktop\javagaming\jinput\lib;C:\Program Files (x86)\Common Files\Oracle\Java\javapath;C:\Program Files\Java\jdk1.8.0_181\bin;C:\Program Files (x86)\NVIDIA Corporation\PhysX\Common;C:\Program Files\NVIDIA Corporation\NVIDIA NvDLISR;C:\Users\Turing\AppData\Local\Programs\Python\Python37-32;C:\Windows\System32;C:\Users\Turing\AppData\Local\Microsoft\WindowsApps;
USERNAME=Turing
OS=Windows_NT
PROCESSOR_IDENTIFIER=Intel64 Family 6 Model 60 Stepping 3, GenuineIntel



---------------  S Y S T E M  ---------------

OS: Windows 10.0 , 64 bit Build 17134 (10.0.17134.648)

CPU:total 8 (initial active 8) (4 cores per cpu, 2 threads per core) family 6 model 60 stepping 3, cmov, cx8, fxsr, mmx, sse, sse2, sse3, ssse3, sse4.1, sse4.2, popcnt, avx, avx2, aes, clmul, erms, lzcnt, ht, tsc, tscinvbit, bmi1, bmi2

Memory: 4k page, physical 8330252k(2107228k free), swap 20157476k(7209028k free)

vm_info: Java HotSpot(TM) 64-Bit Server VM (25.181-b13) for windows-amd64 JRE (1.8.0_181-b13), built on Jul  7 2018 04:01:33 by "java_re" with MS VC++ 10.0 (VS2010)

time: Mon Apr 01 06:51:15 2019
elapsed time: 46 seconds (0d 0h 0m 46s)

